<?xml version="1.0" encoding="UTF-8"?>
<testsuite xmlns:xsi="http://www.w3.org/2001/XMLSchema-instance" xsi:noNamespaceSchemaLocation="https://maven.apache.org/surefire/maven-surefire-plugin/xsd/surefire-test-report.xsd" version="3.0.2" name="com.banking.account.controller.AccountControllerIT" time="3.792" tests="2" errors="0" skipped="0" failures="0">
  <properties>
[...]
</properties>
  <testcase name="createDepositWithdraw_flow" classname="com.banking.account.controller.AccountControllerIT" time="0.512">
    <system-out><![CDATA[21:45:49.755 [main] INFO org.springframework.test.context.support.AnnotationConfigContextLoaderUtils -- Could not detect default configuration classes for test class [com.banking.account.controller.AccountControllerIT]: AccountControllerIT does not declare any static, non-private, non-final, nested classes annotated with @Configuration.
21:45:49.813 [main] INFO org.springframework.boot.test.context.SpringBootTestContextBootstrapper -- Found @SpringBootConfiguration com.banking.account.AccountServiceApplication for test class com.banking.account.controller.AccountControllerIT

  .   ____          _            __ _ _
 /\\ / ___'_ __ _ _(_)_ __  __ _ \ \ \ \
( ( )\___ | '_ | '_| | '_ \/ _` | \ \ \ \
 \\/  ___)| |_)| | | | | || (_| |  ) ) ) )
  '  |____| .__|_| |_|_| |_\__, | / / / /
 =========|_|==============|___/=/_/_/_/

 :: Spring Boot ::                (v3.3.5)

2026-05-20T21:45:50.031+05:30  INFO 96404 --- [           main] c.b.a.controller.AccountControllerIT     : Starting AccountControllerIT using Java 17.0.19 with PID 96404 (started by abhishek in /Users/abhishek/bank system/banking-system-microservices/account-service)
2026-05-20T21:45:50.031+05:30  INFO 96404 --- [           main] c.b.a.controller.AccountControllerIT     : No active profile set, falling back to 1 default profile: "default"
2026-05-20T21:45:50.635+05:30  INFO 96404 --- [           main] .s.d.r.c.RepositoryConfigurationDelegate : Bootstrapping Spring Data JPA repositories in DEFAULT mode.
2026-05-20T21:45:50.700+05:30  INFO 96404 --- [           main] .s.d.r.c.RepositoryConfigurationDelegate : Finished Spring Data repository scanning in 61 ms. Found 1 JPA repository interface.
2026-05-20T21:45:50.832+05:30  INFO 96404 --- [           main] o.s.cloud.context.scope.GenericScope     : BeanFactory id=a55a5381-33ec-3e82-987a-7cb920b726ca
2026-05-20T21:45:50.994+05:30  WARN 96404 --- [           main] trationDelegate$BeanPostProcessorChecker : Bean 'org.springframework.cloud.client.loadbalancer.LoadBalancerAutoConfiguration$DeferringLoadBalancerInterceptorConfig' of type [org.springframework.cloud.client.loadbalancer.LoadBalancerAutoConfiguration$DeferringLoadBalancerInterceptorConfig] is not eligible for getting processed by all BeanPostProcessors (for example: not eligible for auto-proxying). The currently created BeanPostProcessor [lbRestClientPostProcessor] is declared through a non-static factory method on that class; consider declaring it as static instead.
2026-05-20T21:45:50.996+05:30  WARN 96404 --- [           main] trationDelegate$BeanPostProcessorChecker : Bean 'deferringLoadBalancerInterceptor' of type [org.springframework.cloud.client.loadbalancer.DeferringLoadBalancerInterceptor] is not eligible for getting processed by all BeanPostProcessors (for example: not eligible for auto-proxying). Is this bean getting eagerly injected/applied to a currently created BeanPostProcessor [lbRestClientPostProcessor]? Check the corresponding BeanPostProcessor declaration and its dependencies/advisors. If this bean does not have to be post-processed, declare it with ROLE_INFRASTRUCTURE.
2026-05-20T21:45:51.120+05:30  INFO 96404 --- [           main] com.zaxxer.hikari.HikariDataSource       : HikariPool-1 - Starting...
2026-05-20T21:45:51.202+05:30  INFO 96404 --- [           main] com.zaxxer.hikari.pool.HikariPool        : HikariPool-1 - Added connection conn0: url=jdbc:h2:mem:banking_account user=SA
2026-05-20T21:45:51.203+05:30  INFO 96404 --- [           main] com.zaxxer.hikari.HikariDataSource       : HikariPool-1 - Start completed.
2026-05-20T21:45:51.224+05:30  INFO 96404 --- [           main] org.flywaydb.core.FlywayExecutor         : Database: jdbc:h2:mem:banking_account (H2 2.2)
2026-05-20T21:45:51.231+05:30  WARN 96404 --- [           main] o.f.c.internal.database.base.Database    : Flyway upgrade recommended: H2 2.2.224 is newer than this version of Flyway and support has not been tested. The latest supported version of H2 is 2.2.220.
2026-05-20T21:45:51.238+05:30  INFO 96404 --- [           main] o.f.c.i.s.JdbcTableSchemaHistory         : Schema history table "PUBLIC"."flyway_schema_history" does not exist yet
2026-05-20T21:45:51.239+05:30  INFO 96404 --- [           main] o.f.core.internal.command.DbValidate     : Successfully validated 1 migration (execution time 00:00.004s)
2026-05-20T21:45:51.243+05:30  INFO 96404 --- [           main] o.f.c.i.s.JdbcTableSchemaHistory         : Creating Schema History table "PUBLIC"."flyway_schema_history" ...
2026-05-20T21:45:51.260+05:30  INFO 96404 --- [           main] o.f.core.internal.command.DbMigrate      : Current version of schema "PUBLIC": << Empty Schema >>
2026-05-20T21:45:51.270+05:30  INFO 96404 --- [           main] o.f.core.internal.command.DbMigrate      : Migrating schema "PUBLIC" to version "1 - create accounts table"
2026-05-20T21:45:51.279+05:30  INFO 96404 --- [           main] o.f.core.internal.command.DbMigrate      : Successfully applied 1 migration to schema "PUBLIC", now at version v1 (execution time 00:00.001s)
2026-05-20T21:45:51.326+05:30  INFO 96404 --- [           main] o.hibernate.jpa.internal.util.LogHelper  : HHH000204: Processing PersistenceUnitInfo [name: default]
2026-05-20T21:45:51.350+05:30  INFO 96404 --- [           main] org.hibernate.Version                    : HHH000412: Hibernate ORM core version 6.5.3.Final
2026-05-20T21:45:51.366+05:30  INFO 96404 --- [           main] o.h.c.internal.RegionFactoryInitiator    : HHH000026: Second-level cache disabled
2026-05-20T21:45:51.485+05:30  INFO 96404 --- [           main] o.s.o.j.p.SpringPersistenceUnitInfo      : No LoadTimeWeaver setup: ignoring JPA class transformer
2026-05-20T21:45:51.852+05:30  INFO 96404 --- [           main] o.h.e.t.j.p.i.JtaPlatformInitiator       : HHH000489: No JTA platform available (set 'hibernate.transaction.jta.platform' to enable JTA platform integration)
2026-05-20T21:45:51.853+05:30  INFO 96404 --- [           main] j.LocalContainerEntityManagerFactoryBean : Initialized JPA EntityManagerFactory for persistence unit 'default'
2026-05-20T21:45:52.125+05:30  WARN 96404 --- [           main] JpaBaseConfiguration$JpaWebConfiguration : spring.jpa.open-in-view is enabled by default. Therefore, database queries may be performed during view rendering. Explicitly configure spring.jpa.open-in-view to disable this warning
2026-05-20T21:45:52.146+05:30  WARN 96404 --- [           main] .s.s.UserDetailsServiceAutoConfiguration : 

Using generated security password: 414838e7-df2d-44ec-8997-ee0941ce5748

This generated password is for development use only. Your security configuration must be updated before running your application in production.

2026-05-20T21:45:52.159+05:30  INFO 96404 --- [           main] r$InitializeUserDetailsManagerConfigurer : Global AuthenticationManager configured with UserDetailsService bean with name inMemoryUserDetailsManager
2026-05-20T21:45:52.438+05:30  INFO 96404 --- [           main] o.s.b.a.e.web.EndpointLinksResolver      : Exposing 1 endpoint beneath base path '/actuator'
2026-05-20T21:45:52.820+05:30  INFO 96404 --- [           main] o.s.b.t.m.w.SpringBootMockServletContext : Initializing Spring TestDispatcherServlet ''
2026-05-20T21:45:52.820+05:30  INFO 96404 --- [           main] o.s.t.web.servlet.TestDispatcherServlet  : Initializing Servlet ''
2026-05-20T21:45:52.820+05:30  INFO 96404 --- [           main] o.s.t.web.servlet.TestDispatcherServlet  : Completed initialization in 0 ms
2026-05-20T21:45:52.852+05:30  INFO 96404 --- [           main] DiscoveryClientOptionalArgsConfiguration : Eureka HTTP Client uses RestTemplate.
2026-05-20T21:45:52.884+05:30  WARN 96404 --- [           main] iguration$LoadBalancerCaffeineWarnLogger : Spring Cloud LoadBalancer is currently working with the default cache. While this cache implementation is useful for development and tests, it's recommended to use Caffeine cache in production.You can switch to using Caffeine cache, by adding it and org.springframework.cache.caffeine.CaffeineCacheManager to the classpath.
2026-05-20T21:45:52.930+05:30  INFO 96404 --- [           main] c.b.a.controller.AccountControllerIT     : Started AccountControllerIT in 3.053 seconds (process running for 3.483)
2026-05-20T21:45:53.392+05:30  INFO 96404 --- [           main] c.b.account.service.AccountService       : Created account ACC792937533192357 for user 2338271e-2dfa-49ed-8b89-cd7ba0b92376
2026-05-20T21:45:53.434+05:30  INFO 96404 --- [           main] c.b.account.service.AccountService       : Deposit 500.00 to account ACC792937533192357
2026-05-20T21:45:53.460+05:30  INFO 96404 --- [           main] c.b.account.service.AccountService       : Withdraw 200.00 from account ACC792937533192357
]]></system-out>
  </testcase>
  <testcase name="withoutToken_returns401" classname="com.banking.account.controller.AccountControllerIT" time="0.005"/>
</testsuite>