<?xml version="1.0" encoding="UTF-8"?>
<testsuite xmlns:xsi="http://www.w3.org/2001/XMLSchema-instance" xsi:noNamespaceSchemaLocation="https://maven.apache.org/surefire/maven-surefire-plugin/xsd/surefire-test-report.xsd" version="3.0.2" name="com.banking.transaction.event.KafkaTransactionEventPublisherIT" time="1.16" tests="1" errors="0" skipped="0" failures="0">
  <properties>
[...]
</properties>
  <testcase name="publishedMessage_isReadableFromTopic(EmbeddedKafkaBroker)" classname="com.banking.transaction.event.KafkaTransactionEventPublisherIT" time="0.941">
    <system-out><![CDATA[22:43:10.977 [main] INFO kafka.utils.Log4jControllerRegistration$ -- Registered kafka:type=kafka.Log4jController MBean
22:43:10.987 [main] INFO org.apache.zookeeper.server.ZooKeeperServer -- 
22:43:10.987 [main] INFO org.apache.zookeeper.server.ZooKeeperServer --   ______                  _                                          
22:43:10.987 [main] INFO org.apache.zookeeper.server.ZooKeeperServer --  |___  /                 | |                                         
22:43:10.987 [main] INFO org.apache.zookeeper.server.ZooKeeperServer --     / /    ___     ___   | | __   ___    ___   _ __     ___   _ __   
22:43:10.987 [main] INFO org.apache.zookeeper.server.ZooKeeperServer --    / /    / _ \   / _ \  | |/ /  / _ \  / _ \ | '_ \   / _ \ | '__|
22:43:10.987 [main] INFO org.apache.zookeeper.server.ZooKeeperServer --   / /__  | (_) | | (_) | |   <  |  __/ |  __/ | |_) | |  __/ | |    
22:43:10.987 [main] INFO org.apache.zookeeper.server.ZooKeeperServer --  /_____|  \___/   \___/  |_|\_\  \___|  \___| | .__/   \___| |_|
22:43:10.987 [main] INFO org.apache.zookeeper.server.ZooKeeperServer --                                               | |                     
22:43:10.987 [main] INFO org.apache.zookeeper.server.ZooKeeperServer --                                               |_|                     
22:43:10.987 [main] INFO org.apache.zookeeper.server.ZooKeeperServer -- 
22:43:11.015 [main] INFO org.apache.zookeeper.server.ZooKeeperServer -- Server environment:zookeeper.version=3.8.4-9316c2a7a97e1666d8f4593f34dd6fc36ecc436c, built on 2024-02-12 22:16 UTC
22:43:11.015 [main] INFO org.apache.zookeeper.server.ZooKeeperServer -- Server environment:host.name=192.168.1.3
22:43:11.015 [main] INFO org.apache.zookeeper.server.ZooKeeperServer -- Server environment:java.version=17.0.19
22:43:11.015 [main] INFO org.apache.zookeeper.server.ZooKeeperServer -- Server environment:java.vendor=Homebrew
22:43:11.015 [main] INFO org.apache.zookeeper.server.ZooKeeperServer -- Server environment:java.home=/opt/homebrew/Cellar/openjdk@17/17.0.19/libexec/openjdk.jdk/Contents/Home
22:43:11.015 [main] INFO org.apache.zookeeper.server.ZooKeeperServer -- Server environment:java.class.path=/Users/abhishek/bank system/banking-system-microservices/transaction-service/target/test-classes:/Users/abhishek/bank system/banking-system-microservices/transaction-service/target/classes:/Users/abhishek/.m2/repository/com/banking/common-lib/1.0.0-SNAPSHOT/common-lib-1.0.0-SNAPSHOT.jar:/Users/abhishek/.m2/repository/org/springframework/spring-web/6.1.14/spring-web-6.1.14.jar:/Users/abhishek/.m2/repository/org/springframework/spring-beans/6.1.14/spring-beans-6.1.14.jar:/Users/abhishek/.m2/repository/com/fasterxml/jackson/core/jackson-annotations/2.17.2/jackson-annotations-2.17.2.jar:/Users/abhishek/.m2/repository/jakarta/validation/jakarta.validation-api/3.0.2/jakarta.validation-api-3.0.2.jar:/Users/abhishek/.m2/repository/org/springframework/boot/spring-boot-starter-web/3.3.5/spring-boot-starter-web-3.3.5.jar:/Users/abhishek/.m2/repository/org/springframework/boot/spring-boot-starter/3.3.5/spring-boot-starter-3.3.5.jar:/Users/abhishek/.m2/repository/org/springframework/boot/spring-boot/3.3.5/spring-boot-3.3.5.jar:/Users/abhishek/.m2/repository/org/springframework/boot/spring-boot-autoconfigure/3.3.5/spring-boot-autoconfigure-3.3.5.jar:/Users/abhishek/.m2/repository/org/springframework/boot/spring-boot-starter-logging/3.3.5/spring-boot-starter-logging-3.3.5.jar:/Users/abhishek/.m2/repository/org/apache/logging/log4j/log4j-to-slf4j/2.23.1/log4j-to-slf4j-2.23.1.jar:/Users/abhishek/.m2/repository/org/apache/logging/log4j/log4j-api/2.23.1/log4j-api-2.23.1.jar:/Users/abhishek/.m2/repository/org/slf4j/jul-to-slf4j/2.0.16/jul-to-slf4j-2.0.16.jar:/Users/abhishek/.m2/repository/jakarta/annotation/jakarta.annotation-api/2.1.1/jakarta.annotation-api-2.1.1.jar:/Users/abhishek/.m2/repository/org/yaml/snakeyaml/2.2/snakeyaml-2.2.jar:/Users/abhishek/.m2/repository/org/springframework/boot/spring-boot-starter-json/3.3.5/spring-boot-starter-json-3.3.5.jar:/Users/abhishek/.m2/repository/com/fasterxml/jackson/datatype/jackson-datatype-jdk8/2.17.2/jackson-datatype-jdk8-2.17.2.jar:/Users/abhishek/.m2/repository/com/fasterxml/jackson/datatype/jackson-datatype-jsr310/2.17.2/jackson-datatype-jsr310-2.17.2.jar:/Users/abhishek/.m2/repository/com/fasterxml/jackson/module/jackson-module-parameter-names/2.17.2/jackson-module-parameter-names-2.17.2.jar:/Users/abhishek/.m2/repository/org/springframework/boot/spring-boot-starter-tomcat/3.3.5/spring-boot-starter-tomcat-3.3.5.jar:/Users/abhishek/.m2/repository/org/apache/tomcat/embed/tomcat-embed-core/10.1.31/tomcat-embed-core-10.1.31.jar:/Users/abhishek/.m2/repository/org/apache/tomcat/embed/tomcat-embed-websocket/10.1.31/tomcat-embed-websocket-10.1.31.jar:/Users/abhishek/.m2/repository/org/springframework/spring-webmvc/6.1.14/spring-webmvc-6.1.14.jar:/Users/abhishek/.m2/repository/org/springframework/spring-expression/6.1.14/spring-expression-6.1.14.jar:/Users/abhishek/.m2/repository/org/springframework/boot/spring-boot-starter-data-jpa/3.3.5/spring-boot-starter-data-jpa-3.3.5.jar:/Users/abhishek/.m2/repository/org/springframework/boot/spring-boot-starter-aop/3.3.5/spring-boot-starter-aop-3.3.5.jar:/Users/abhishek/.m2/repository/org/aspectj/aspectjweaver/1.9.22.1/aspectjweaver-1.9.22.1.jar:/Users/abhishek/.m2/repository/org/springframework/boot/spring-boot-starter-jdbc/3.3.5/spring-boot-starter-jdbc-3.3.5.jar:/Users/abhishek/.m2/repository/com/zaxxer/HikariCP/5.1.0/HikariCP-5.1.0.jar:/Users/abhishek/.m2/repository/org/springframework/spring-jdbc/6.1.14/spring-jdbc-6.1.14.jar:/Users/abhishek/.m2/repository/org/hibernate/orm/hibernate-core/6.5.3.Final/hibernate-core-6.5.3.Final.jar:/Users/abhishek/.m2/repository/jakarta/persistence/jakarta.persistence-api/3.1.0/jakarta.persistence-api-3.1.0.jar:/Users/abhishek/.m2/repository/jakarta/transaction/jakarta.transaction-api/2.0.1/jakarta.transaction-api-2.0.1.jar:/Users/abhishek/.m2/repository/org/jboss/logging/jboss-logging/3.5.3.Final/jboss-logging-3.5.3.Final.jar:/Users/abhishek/.m2/repository/org/hibernate/common/hibernate-commons-annotations/6.0.6.Final/hibernate-commons-annotations-6.0.6.Final.jar:/Users/abhishek/.m2/repository/io/smallrye/jandex/3.1.2/jandex-3.1.2.jar:/Users/abhishek/.m2/repository/com/fasterxml/classmate/1.7.0/classmate-1.7.0.jar:/Users/abhishek/.m2/repository/net/bytebuddy/byte-buddy/1.14.19/byte-buddy-1.14.19.jar:/Users/abhishek/.m2/repository/org/glassfish/jaxb/jaxb-runtime/4.0.5/jaxb-runtime-4.0.5.jar:/Users/abhishek/.m2/repository/org/glassfish/jaxb/jaxb-core/4.0.5/jaxb-core-4.0.5.jar:/Users/abhishek/.m2/repository/org/eclipse/angus/angus-activation/2.0.2/angus-activation-2.0.2.jar:/Users/abhishek/.m2/repository/org/glassfish/jaxb/txw2/4.0.5/txw2-4.0.5.jar:/Users/abhishek/.m2/repository/com/sun/istack/istack-commons-runtime/4.1.2/istack-commons-runtime-4.1.2.jar:/Users/abhishek/.m2/repository/jakarta/inject/jakarta.inject-api/2.0.1/jakarta.inject-api-2.0.1.jar:/Users/abhishek/.m2/repository/org/antlr/antlr4-runtime/4.13.0/antlr4-runtime-4.13.0.jar:/Users/abhishek/.m2/repository/org/springframework/data/spring-data-jpa/3.3.5/spring-data-jpa-3.3.5.jar:/Users/abhishek/.m2/repository/org/springframework/data/spring-data-commons/3.3.5/spring-data-commons-3.3.5.jar:/Users/abhishek/.m2/repository/org/springframework/spring-orm/6.1.14/spring-orm-6.1.14.jar:/Users/abhishek/.m2/repository/org/slf4j/slf4j-api/2.0.16/slf4j-api-2.0.16.jar:/Users/abhishek/.m2/repository/org/springframework/spring-aspects/6.1.14/spring-aspects-6.1.14.jar:/Users/abhishek/.m2/repository/org/springframework/boot/spring-boot-starter-validation/3.3.5/spring-boot-starter-validation-3.3.5.jar:/Users/abhishek/.m2/repository/org/apache/tomcat/embed/tomcat-embed-el/10.1.31/tomcat-embed-el-10.1.31.jar:/Users/abhishek/.m2/repository/org/hibernate/validator/hibernate-validator/8.0.1.Final/hibernate-validator-8.0.1.Final.jar:/Users/abhishek/.m2/repository/org/springframework/boot/spring-boot-starter-security/3.3.5/spring-boot-starter-security-3.3.5.jar:/Users/abhishek/.m2/repository/org/springframework/spring-aop/6.1.14/spring-aop-6.1.14.jar:/Users/abhishek/.m2/repository/org/springframework/security/spring-security-config/6.3.4/spring-security-config-6.3.4.jar:/Users/abhishek/.m2/repository/org/springframework/security/spring-security-web/6.3.4/spring-security-web-6.3.4.jar:/Users/abhishek/.m2/repository/org/springframework/boot/spring-boot-starter-actuator/3.3.5/spring-boot-starter-actuator-3.3.5.jar:/Users/abhishek/.m2/repository/org/springframework/boot/spring-boot-actuator-autoconfigure/3.3.5/spring-boot-actuator-autoconfigure-3.3.5.jar:/Users/abhishek/.m2/repository/org/springframework/boot/spring-boot-actuator/3.3.5/spring-boot-actuator-3.3.5.jar:/Users/abhishek/.m2/repository/io/micrometer/micrometer-observation/1.13.6/micrometer-observation-1.13.6.jar:/Users/abhishek/.m2/repository/io/micrometer/micrometer-commons/1.13.6/micrometer-commons-1.13.6.jar:/Users/abhishek/.m2/repository/io/micrometer/micrometer-jakarta9/1.13.6/micrometer-jakarta9-1.13.6.jar:/Users/abhishek/.m2/repository/io/micrometer/micrometer-core/1.13.6/micrometer-core-1.13.6.jar:/Users/abhishek/.m2/repository/org/hdrhistogram/HdrHistogram/2.2.2/HdrHistogram-2.2.2.jar:/Users/abhishek/.m2/repository/org/latencyutils/LatencyUtils/2.0.3/LatencyUtils-2.0.3.jar:/Users/abhishek/.m2/repository/org/springframework/cloud/spring-cloud-starter-netflix-eureka-client/4.1.3/spring-cloud-starter-netflix-eureka-client-4.1.3.jar:/Users/abhishek/.m2/repository/org/springframework/cloud/spring-cloud-starter/4.1.4/spring-cloud-starter-4.1.4.jar:/Users/abhishek/.m2/repository/org/springframework/cloud/spring-cloud-context/4.1.4/spring-cloud-context-4.1.4.jar:/Users/abhishek/.m2/repository/org/springframework/security/spring-security-rsa/1.1.3/spring-security-rsa-1.1.3.jar:/Users/abhishek/.m2/repository/org/bouncycastle/bcprov-jdk18on/1.78/bcprov-jdk18on-1.78.jar:/Users/abhishek/.m2/repository/org/springframework/cloud/spring-cloud-netflix-eureka-client/4.1.3/spring-cloud-netflix-eureka-client-4.1.3.jar:/Users/abhishek/.m2/repository/org/apache/httpcomponents/client5/httpclient5/5.3.1/httpclient5-5.3.1.jar:/Users/abhishek/.m2/repository/org/apache/httpcomponents/core5/httpcore5/5.2.5/httpcore5-5.2.5.jar:/Users/abhishek/.m2/repository/org/apache/httpcomponents/core5/httpcore5-h2/5.2.5/httpcore5-h2-5.2.5.jar:/Users/abhishek/.m2/repository/com/netflix/eureka/eureka-client/2.0.3/eureka-client-2.0.3.jar:/Users/abhishek/.m2/repository/com/thoughtworks/xstream/xstream/1.4.20/xstream-1.4.20.jar:/Users/abhishek/.m2/repository/io/github/x-stream/mxparser/1.2.2/mxparser-1.2.2.jar:/Users/abhishek/.m2/repository/xmlpull/xmlpull/1.1.3.1/xmlpull-1.1.3.1.jar:/Users/abhishek/.m2/repository/jakarta/ws/rs/jakarta.ws.rs-api/3.1.0/jakarta.ws.rs-api-3.1.0.jar:/Users/abhishek/.m2/repository/com/netflix/spectator/spectator-api/1.7.3/spectator-api-1.7.3.jar:/Users/abhishek/.m2/repository/org/apache/httpcomponents/httpclient/4.5.3/httpclient-4.5.3.jar:/Users/abhishek/.m2/repository/org/apache/httpcomponents/httpcore/4.4.16/httpcore-4.4.16.jar:/Users/abhishek/.m2/repository/commons-codec/commons-codec/1.16.1/commons-codec-1.16.1.jar:/Users/abhishek/.m2/repository/commons-configuration/commons-configuration/1.10/commons-configuration-1.10.jar:/Users/abhishek/.m2/repository/commons-lang/commons-lang/2.6/commons-lang-2.6.jar:/Users/abhishek/.m2/repository/com/fasterxml/jackson/core/jackson-core/2.17.2/jackson-core-2.17.2.jar:/Users/abhishek/.m2/repository/com/netflix/netflix-commons/netflix-eventbus/0.3.0/netflix-eventbus-0.3.0.jar:/Users/abhishek/.m2/repository/com/netflix/netflix-commons/netflix-infix/0.3.0/netflix-infix-0.3.0.jar:/Users/abhishek/.m2/repository/commons-jxpath/commons-jxpath/1.3/commons-jxpath-1.3.jar:/Users/abhishek/.m2/repository/joda-time/joda-time/2.3/joda-time-2.3.jar:/Users/abhishek/.m2/repository/org/antlr/antlr-runtime/3.4/antlr-runtime-3.4.jar:/Users/abhishek/.m2/repository/org/antlr/stringtemplate/3.2.1/stringtemplate-3.2.1.jar:/Users/abhishek/.m2/repository/antlr/antlr/2.7.7/antlr-2.7.7.jar:/Users/abhishek/.m2/repository/com/netflix/servo/servo-core/0.5.3/servo-core-0.5.3.jar:/Users/abhishek/.m2/repository/org/apache/commons/commons-math/2.2/commons-math-2.2.jar:/Users/abhishek/.m2/repository/javax/annotation/javax.annotation-api/1.2/javax.annotation-api-1.2.jar:/Users/abhishek/.m2/repository/org/codehaus/jettison/jettison/1.5.4/jettison-1.5.4.jar:/Users/abhishek/.m2/repository/com/netflix/eureka/eureka-core/2.0.3/eureka-core-2.0.3.jar:/Users/abhishek/.m2/repository/com/fasterxml/woodstox/woodstox-core/6.2.1/woodstox-core-6.2.1.jar:/Users/abhishek/.m2/repository/org/codehaus/woodstox/stax2-api/4.2.1/stax2-api-4.2.1.jar:/Users/abhishek/.m2/repository/com/google/guava/guava/33.0.0-jre/guava-33.0.0-jre.jar:/Users/abhishek/.m2/repository/com/google/guava/failureaccess/1.0.2/failureaccess-1.0.2.jar:/Users/abhishek/.m2/repository/com/google/guava/listenablefuture/9999.0-empty-to-avoid-conflict-with-guava/listenablefuture-9999.0-empty-to-avoid-conflict-with-guava.jar:/Users/abhishek/.m2/repository/com/google/errorprone/error_prone_annotations/2.23.0/error_prone_annotations-2.23.0.jar:/Users/abhishek/.m2/repository/com/google/j2objc/j2objc-annotations/2.8/j2objc-annotations-2.8.jar:/Users/abhishek/.m2/repository/org/springframework/cloud/spring-cloud-starter-loadbalancer/4.1.4/spring-cloud-starter-loadbalancer-4.1.4.jar:/Users/abhishek/.m2/repository/org/springframework/cloud/spring-cloud-loadbalancer/4.1.4/spring-cloud-loadbalancer-4.1.4.jar:/Users/abhishek/.m2/repository/io/projectreactor/reactor-core/3.6.11/reactor-core-3.6.11.jar:/Users/abhishek/.m2/repository/org/reactivestreams/reactive-streams/1.0.4/reactive-streams-1.0.4.jar:/Users/abhishek/.m2/repository/io/projectreactor/addons/reactor-extra/3.5.2/reactor-extra-3.5.2.jar:/Users/abhishek/.m2/repository/org/springframework/boot/spring-boot-starter-cache/3.3.5/spring-boot-starter-cache-3.3.5.jar:/Users/abhishek/.m2/repository/org/springframework/spring-context-support/6.1.14/spring-context-support-6.1.14.jar:/Users/abhishek/.m2/repository/com/stoyanr/evictor/1.0.0/evictor-1.0.0.jar:/Users/abhishek/.m2/repository/org/springframework/cloud/spring-cloud-starter-config/4.1.3/spring-cloud-starter-config-4.1.3.jar:/Users/abhishek/.m2/repository/org/springframework/cloud/spring-cloud-config-client/4.1.3/spring-cloud-config-client-4.1.3.jar:/Users/abhishek/.m2/repository/com/fasterxml/jackson/core/jackson-databind/2.17.2/jackson-databind-2.17.2.jar:/Users/abhishek/.m2/repository/org/springframework/cloud/spring-cloud-starter-openfeign/4.1.3/spring-cloud-starter-openfeign-4.1.3.jar:/Users/abhishek/.m2/repository/org/springframework/cloud/spring-cloud-openfeign-core/4.1.3/spring-cloud-openfeign-core-4.1.3.jar:/Users/abhishek/.m2/repository/io/github/openfeign/form/feign-form-spring/3.8.0/feign-form-spring-3.8.0.jar:/Users/abhishek/.m2/repository/io/github/openfeign/form/feign-form/3.8.0/feign-form-3.8.0.jar:/Users/abhishek/.m2/repository/commons-fileupload/commons-fileupload/1.5/commons-fileupload-1.5.jar:/Users/abhishek/.m2/repository/org/springframework/cloud/spring-cloud-commons/4.1.4/spring-cloud-commons-4.1.4.jar:/Users/abhishek/.m2/repository/org/springframework/security/spring-security-crypto/6.3.4/spring-security-crypto-6.3.4.jar:/Users/abhishek/.m2/repository/io/github/openfeign/feign-core/13.3/feign-core-13.3.jar:/Users/abhishek/.m2/repository/io/github/openfeign/feign-slf4j/13.3/feign-slf4j-13.3.jar:/Users/abhishek/.m2/repository/org/springframework/kafka/spring-kafka/3.2.4/spring-kafka-3.2.4.jar:/Users/abhishek/.m2/repository/org/springframework/spring-context/6.1.14/spring-context-6.1.14.jar:/Users/abhishek/.m2/repository/org/springframework/spring-messaging/6.1.14/spring-messaging-6.1.14.jar:/Users/abhishek/.m2/repository/org/springframework/spring-tx/6.1.14/spring-tx-6.1.14.jar:/Users/abhishek/.m2/repository/org/springframework/retry/spring-retry/2.0.10/spring-retry-2.0.10.jar:/Users/abhishek/.m2/repository/org/apache/kafka/kafka-clients/3.7.1/kafka-clients-3.7.1.jar:/Users/abhishek/.m2/repository/com/github/luben/zstd-jni/1.5.6-3/zstd-jni-1.5.6-3.jar:/Users/abhishek/.m2/repository/org/lz4/lz4-java/1.8.0/lz4-java-1.8.0.jar:/Users/abhishek/.m2/repository/org/xerial/snappy/snappy-java/1.1.10.5/snappy-java-1.1.10.5.jar:/Users/abhishek/.m2/repository/org/flywaydb/flyway-core/10.10.0/flyway-core-10.10.0.jar:/Users/abhishek/.m2/repository/com/fasterxml/jackson/dataformat/jackson-dataformat-toml/2.17.2/jackson-dataformat-toml-2.17.2.jar:/Users/abhishek/.m2/repository/com/google/code/gson/gson/2.10.1/gson-2.10.1.jar:/Users/abhishek/.m2/repository/org/flywaydb/flyway-database-postgresql/10.10.0/flyway-database-postgresql-10.10.0.jar:/Users/abhishek/.m2/repository/org/postgresql/postgresql/42.7.4/postgresql-42.7.4.jar:/Users/abhishek/.m2/repository/org/checkerframework/checker-qual/3.42.0/checker-qual-3.42.0.jar:/Users/abhishek/.m2/repository/io/jsonwebtoken/jjwt-api/0.12.6/jjwt-api-0.12.6.jar:/Users/abhishek/.m2/repository/io/jsonwebtoken/jjwt-impl/0.12.6/jjwt-impl-0.12.6.jar:/Users/abhishek/.m2/repository/io/jsonwebtoken/jjwt-jackson/0.12.6/jjwt-jackson-0.12.6.jar:/Users/abhishek/.m2/repository/org/springdoc/springdoc-openapi-starter-webmvc-ui/2.6.0/springdoc-openapi-starter-webmvc-ui-2.6.0.jar:/Users/abhishek/.m2/repository/org/springdoc/springdoc-openapi-starter-webmvc-api/2.6.0/springdoc-openapi-starter-webmvc-api-2.6.0.jar:/Users/abhishek/.m2/repository/org/springdoc/springdoc-openapi-starter-common/2.6.0/springdoc-openapi-starter-common-2.6.0.jar:/Users/abhishek/.m2/repository/io/swagger/core/v3/swagger-core-jakarta/2.2.22/swagger-core-jakarta-2.2.22.jar:/Users/abhishek/.m2/repository/org/apache/commons/commons-lang3/3.14.0/commons-lang3-3.14.0.jar:/Users/abhishek/.m2/repository/io/swagger/core/v3/swagger-annotations-jakarta/2.2.22/swagger-annotations-jakarta-2.2.22.jar:/Users/abhishek/.m2/repository/io/swagger/core/v3/swagger-models-jakarta/2.2.22/swagger-models-jakarta-2.2.22.jar:/Users/abhishek/.m2/repository/com/fasterxml/jackson/dataformat/jackson-dataformat-yaml/2.17.2/jackson-dataformat-yaml-2.17.2.jar:/Users/abhishek/.m2/repository/org/webjars/swagger-ui/5.17.14/swagger-ui-5.17.14.jar:/Users/abhishek/.m2/repository/org/projectlombok/lombok/1.18.34/lombok-1.18.34.jar:/Users/abhishek/.m2/repository/org/springframework/boot/spring-boot-starter-test/3.3.5/spring-boot-starter-test-3.3.5.jar:/Users/abhishek/.m2/repository/org/springframework/boot/spring-boot-test/3.3.5/spring-boot-test-3.3.5.jar:/Users/abhishek/.m2/repository/org/springframework/boot/spring-boot-test-autoconfigure/3.3.5/spring-boot-test-autoconfigure-3.3.5.jar:/Users/abhishek/.m2/repository/com/jayway/jsonpath/json-path/2.9.0/json-path-2.9.0.jar:/Users/abhishek/.m2/repository/jakarta/xml/bind/jakarta.xml.bind-api/4.0.2/jakarta.xml.bind-api-4.0.2.jar:/Users/abhishek/.m2/repository/jakarta/activation/jakarta.activation-api/2.1.3/jakarta.activation-api-2.1.3.jar:/Users/abhishek/.m2/repository/net/minidev/json-smart/2.5.1/json-smart-2.5.1.jar:/Users/abhishek/.m2/repository/net/minidev/accessors-smart/2.5.1/accessors-smart-2.5.1.jar:/Users/abhishek/.m2/repository/org/ow2/asm/asm/9.6/asm-9.6.jar:/Users/abhishek/.m2/repository/org/assertj/assertj-core/3.25.3/assertj-core-3.25.3.jar:/Users/abhishek/.m2/repository/org/awaitility/awaitility/4.2.2/awaitility-4.2.2.jar:/Users/abhishek/.m2/repository/org/hamcrest/hamcrest/2.2/hamcrest-2.2.jar:/Users/abhishek/.m2/repository/org/junit/jupiter/junit-jupiter/5.10.5/junit-jupiter-5.10.5.jar:/Users/abhishek/.m2/repository/org/junit/jupiter/junit-jupiter-params/5.10.5/junit-jupiter-params-5.10.5.jar:/Users/abhishek/.m2/repository/org/junit/jupiter/junit-jupiter-engine/5.10.5/junit-jupiter-engine-5.10.5.jar:/Users/abhishek/.m2/repository/org/mockito/mockito-core/5.11.0/mockito-core-5.11.0.jar:/Users/abhishek/.m2/repository/net/bytebuddy/byte-buddy-agent/1.14.19/byte-buddy-agent-1.14.19.jar:/Users/abhishek/.m2/repository/org/objenesis/objenesis/3.3/objenesis-3.3.jar:/Users/abhishek/.m2/repository/org/mockito/mockito-junit-jupiter/5.11.0/mockito-junit-jupiter-5.11.0.jar:/Users/abhishek/.m2/repository/org/skyscreamer/jsonassert/1.5.3/jsonassert-1.5.3.jar:/Users/abhishek/.m2/repository/com/vaadin/external/google/android-json/0.0.20131108.vaadin1/android-json-0.0.20131108.vaadin1.jar:/Users/abhishek/.m2/repository/org/springframework/spring-core/6.1.14/spring-core-6.1.14.jar:/Users/abhishek/.m2/repository/org/springframework/spring-jcl/6.1.14/spring-jcl-6.1.14.jar:/Users/abhishek/.m2/repository/org/springframework/spring-test/6.1.14/spring-test-6.1.14.jar:/Users/abhishek/.m2/repository/org/xmlunit/xmlunit-core/2.9.1/xmlunit-core-2.9.1.jar:/Users/abhishek/.m2/repository/org/springframework/security/spring-security-test/6.3.4/spring-security-test-6.3.4.jar:/Users/abhishek/.m2/repository/org/springframework/security/spring-security-core/6.3.4/spring-security-core-6.3.4.jar:/Users/abhishek/.m2/repository/com/h2database/h2/2.2.224/h2-2.2.224.jar:/Users/abhishek/.m2/repository/org/springframework/kafka/spring-kafka-test/3.2.4/spring-kafka-test-3.2.4.jar:/Users/abhishek/.m2/repository/org/apache/zookeeper/zookeeper/3.8.4/zookeeper-3.8.4.jar:/Users/abhishek/.m2/repository/org/apache/zookeeper/zookeeper-jute/3.8.4/zookeeper-jute-3.8.4.jar:/Users/abhishek/.m2/repository/org/apache/yetus/audience-annotations/0.12.0/audience-annotations-0.12.0.jar:/Users/abhishek/.m2/repository/io/netty/netty-handler/4.1.114.Final/netty-handler-4.1.114.Final.jar:/Users/abhishek/.m2/repository/io/netty/netty-common/4.1.114.Final/netty-common-4.1.114.Final.jar:/Users/abhishek/.m2/repository/io/netty/netty-resolver/4.1.114.Final/netty-resolver-4.1.114.Final.jar:/Users/abhishek/.m2/repository/io/netty/netty-buffer/4.1.114.Final/netty-buffer-4.1.114.Final.jar:/Users/abhishek/.m2/repository/io/netty/netty-transport/4.1.114.Final/netty-transport-4.1.114.Final.jar:/Users/abhishek/.m2/repository/io/netty/netty-transport-native-unix-common/4.1.114.Final/netty-transport-native-unix-common-4.1.114.Final.jar:/Users/abhishek/.m2/repository/io/netty/netty-codec/4.1.114.Final/netty-codec-4.1.114.Final.jar:/Users/abhishek/.m2/repository/io/netty/netty-transport-native-epoll/4.1.114.Final/netty-transport-native-epoll-4.1.114.Final.jar:/Users/abhishek/.m2/repository/io/netty/netty-transport-classes-epoll/4.1.114.Final/netty-transport-classes-epoll-4.1.114.Final.jar:/Users/abhishek/.m2/repository/ch/qos/logback/logback-core/1.5.11/logback-core-1.5.11.jar:/Users/abhishek/.m2/repository/ch/qos/logback/logback-classic/1.5.11/logback-classic-1.5.11.jar:/Users/abhishek/.m2/repository/commons-io/commons-io/2.11.0/commons-io-2.11.0.jar:/Users/abhishek/.m2/repository/org/apache/kafka/kafka-clients/3.7.1/kafka-clients-3.7.1-test.jar:/Users/abhishek/.m2/repository/org/apache/kafka/kafka-metadata/3.7.1/kafka-metadata-3.7.1.jar:/Users/abhishek/.m2/repository/org/apache/kafka/kafka-raft/3.7.1/kafka-raft-3.7.1.jar:/Users/abhishek/.m2/repository/com/yammer/metrics/metrics-core/2.2.0/metrics-core-2.2.0.jar:/Users/abhishek/.m2/repository/org/apache/kafka/kafka-server-common/3.7.1/kafka-server-common-3.7.1.jar:/Users/abhishek/.m2/repository/net/sf/jopt-simple/jopt-simple/5.0.4/jopt-simple-5.0.4.jar:/Users/abhishek/.m2/repository/org/pcollections/pcollections/4.0.1/pcollections-4.0.1.jar:/Users/abhishek/.m2/repository/org/apache/kafka/kafka-server-common/3.7.1/kafka-server-common-3.7.1-test.jar:/Users/abhishek/.m2/repository/org/apache/kafka/kafka-streams-test-utils/3.7.1/kafka-streams-test-utils-3.7.1.jar:/Users/abhishek/.m2/repository/org/apache/kafka/kafka-streams/3.7.1/kafka-streams-3.7.1.jar:/Users/abhishek/.m2/repository/org/rocksdb/rocksdbjni/7.9.2/rocksdbjni-7.9.2.jar:/Users/abhishek/.m2/repository/org/apache/kafka/kafka_2.13/3.7.1/kafka_2.13-3.7.1.jar:/Users/abhishek/.m2/repository/org/scala-lang/scala-library/2.13.12/scala-library-2.13.12.jar:/Users/abhishek/.m2/repository/org/apache/kafka/kafka-group-coordinator/3.7.1/kafka-group-coordinator-3.7.1.jar:/Users/abhishek/.m2/repository/org/apache/kafka/kafka-storage-api/3.7.1/kafka-storage-api-3.7.1.jar:/Users/abhishek/.m2/repository/org/apache/kafka/kafka-tools-api/3.7.1/kafka-tools-api-3.7.1.jar:/Users/abhishek/.m2/repository/org/apache/kafka/kafka-storage/3.7.1/kafka-storage-3.7.1.jar:/Users/abhishek/.m2/repository/com/github/ben-manes/caffeine/caffeine/3.1.8/caffeine-3.1.8.jar:/Users/abhishek/.m2/repository/org/apache/kafka/kafka-server/3.7.1/kafka-server-3.7.1.jar:/Users/abhishek/.m2/repository/net/sourceforge/argparse4j/argparse4j/0.7.0/argparse4j-0.7.0.jar:/Users/abhishek/.m2/repository/commons-validator/commons-validator/1.7/commons-validator-1.7.jar:/Users/abhishek/.m2/repository/commons-beanutils/commons-beanutils/1.9.4/commons-beanutils-1.9.4.jar:/Users/abhishek/.m2/repository/commons-digester/commons-digester/2.1/commons-digester-2.1.jar:/Users/abhishek/.m2/repository/commons-collections/commons-collections/3.2.2/commons-collections-3.2.2.jar:/Users/abhishek/.m2/repository/com/fasterxml/jackson/module/jackson-module-scala_2.13/2.17.2/jackson-module-scala_2.13-2.17.2.jar:/Users/abhishek/.m2/repository/com/thoughtworks/paranamer/paranamer/2.8/paranamer-2.8.jar:/Users/abhishek/.m2/repository/com/fasterxml/jackson/dataformat/jackson-dataformat-csv/2.17.2/jackson-dataformat-csv-2.17.2.jar:/Users/abhishek/.m2/repository/org/bitbucket/b_c/jose4j/0.9.4/jose4j-0.9.4.jar:/Users/abhishek/.m2/repository/org/scala-lang/modules/scala-collection-compat_2.13/2.10.0/scala-collection-compat_2.13-2.10.0.jar:/Users/abhishek/.m2/repository/org/scala-lang/modules/scala-java8-compat_2.13/1.0.2/scala-java8-compat_2.13-1.0.2.jar:/Users/abhishek/.m2/repository/org/scala-lang/scala-reflect/2.13.12/scala-reflect-2.13.12.jar:/Users/abhishek/.m2/repository/com/typesafe/scala-logging/scala-logging_2.13/3.9.4/scala-logging_2.13-3.9.4.jar:/Users/abhishek/.m2/repository/io/dropwizard/metrics/metrics-core/4.1.12.1/metrics-core-4.1.12.1.jar:/Users/abhishek/.m2/repository/commons-cli/commons-cli/1.4/commons-cli-1.4.jar:/Users/abhishek/.m2/repository/org/apache/kafka/kafka_2.13/3.7.1/kafka_2.13-3.7.1-test.jar:/Users/abhishek/.m2/repository/org/junit/jupiter/junit-jupiter-api/5.10.5/junit-jupiter-api-5.10.5.jar:/Users/abhishek/.m2/repository/org/opentest4j/opentest4j/1.3.0/opentest4j-1.3.0.jar:/Users/abhishek/.m2/repository/org/junit/platform/junit-platform-commons/1.10.5/junit-platform-commons-1.10.5.jar:/Users/abhishek/.m2/repository/org/apiguardian/apiguardian-api/1.1.2/apiguardian-api-1.1.2.jar:/Users/abhishek/.m2/repository/org/junit/platform/junit-platform-launcher/1.10.5/junit-platform-launcher-1.10.5.jar:/Users/abhishek/.m2/repository/org/junit/platform/junit-platform-engine/1.10.5/junit-platform-engine-1.10.5.jar:/Users/abhishek/.m2/repository/org/testcontainers/kafka/1.19.8/kafka-1.19.8.jar:/Users/abhishek/.m2/repository/org/testcontainers/testcontainers/1.19.8/testcontainers-1.19.8.jar:/Users/abhishek/.m2/repository/junit/junit/4.13.2/junit-4.13.2.jar:/Users/abhishek/.m2/repository/org/hamcrest/hamcrest-core/2.2/hamcrest-core-2.2.jar:/Users/abhishek/.m2/repository/org/apache/commons/commons-compress/1.24.0/commons-compress-1.24.0.jar:/Users/abhishek/.m2/repository/org/rnorth/duct-tape/duct-tape/1.0.8/duct-tape-1.0.8.jar:/Users/abhishek/.m2/repository/org/jetbrains/annotations/17.0.0/annotations-17.0.0.jar:/Users/abhishek/.m2/repository/com/github/docker-java/docker-java-api/3.3.6/docker-java-api-3.3.6.jar:/Users/abhishek/.m2/repository/com/github/docker-java/docker-java-transport-zerodep/3.3.6/docker-java-transport-zerodep-3.3.6.jar:/Users/abhishek/.m2/repository/com/github/docker-java/docker-java-transport/3.3.6/docker-java-transport-3.3.6.jar:/Users/abhishek/.m2/repository/net/java/dev/jna/jna/5.13.0/jna-5.13.0.jar:/Users/abhishek/.m2/repository/org/testcontainers/junit-jupiter/1.19.8/junit-jupiter-1.19.8.jar:
22:43:11.016 [main] INFO org.apache.zookeeper.server.ZooKeeperServer -- Server environment:java.library.path=/Users/abhishek/Library/Java/Extensions:/Library/Java/Extensions:/Network/Library/Java/Extensions:/System/Library/Java/Extensions:/usr/lib/java:.
22:43:11.016 [main] INFO org.apache.zookeeper.server.ZooKeeperServer -- Server environment:java.io.tmpdir=/var/folders/c3/g7mtk7zj2c13xd20nfx3vcmh0000gn/T/
22:43:11.016 [main] INFO org.apache.zookeeper.server.ZooKeeperServer -- Server environment:java.compiler=<NA>
22:43:11.016 [main] INFO org.apache.zookeeper.server.ZooKeeperServer -- Server environment:os.name=Mac OS X
22:43:11.016 [main] INFO org.apache.zookeeper.server.ZooKeeperServer -- Server environment:os.arch=aarch64
22:43:11.016 [main] INFO org.apache.zookeeper.server.ZooKeeperServer -- Server environment:os.version=26.1
22:43:11.016 [main] INFO org.apache.zookeeper.server.ZooKeeperServer -- Server environment:user.name=abhishek
22:43:11.016 [main] INFO org.apache.zookeeper.server.ZooKeeperServer -- Server environment:user.home=/Users/abhishek
22:43:11.016 [main] INFO org.apache.zookeeper.server.ZooKeeperServer -- Server environment:user.dir=/Users/abhishek/bank system/banking-system-microservices/transaction-service
22:43:11.016 [main] INFO org.apache.zookeeper.server.ZooKeeperServer -- Server environment:os.memory.free=96MB
22:43:11.016 [main] INFO org.apache.zookeeper.server.ZooKeeperServer -- Server environment:os.memory.max=2048MB
22:43:11.016 [main] INFO org.apache.zookeeper.server.ZooKeeperServer -- Server environment:os.memory.total=130MB
22:43:11.016 [main] INFO org.apache.zookeeper.server.ZooKeeperServer -- zookeeper.enableEagerACLCheck = false
22:43:11.016 [main] INFO org.apache.zookeeper.server.ZooKeeperServer -- zookeeper.digest.enabled = true
22:43:11.016 [main] INFO org.apache.zookeeper.server.ZooKeeperServer -- zookeeper.closeSessionTxn.enabled = true
22:43:11.016 [main] INFO org.apache.zookeeper.server.ZooKeeperServer -- zookeeper.flushDelay = 0 ms
22:43:11.016 [main] INFO org.apache.zookeeper.server.ZooKeeperServer -- zookeeper.maxWriteQueuePollTime = 0 ms
22:43:11.016 [main] INFO org.apache.zookeeper.server.ZooKeeperServer -- zookeeper.maxBatchSize=1000
22:43:11.016 [main] INFO org.apache.zookeeper.server.ZooKeeperServer -- zookeeper.intBufferStartingSizeBytes = 1024
22:43:11.018 [main] INFO org.apache.zookeeper.server.persistence.FileTxnSnapLog -- zookeeper.snapshot.trust.empty : false
22:43:11.027 [main] INFO org.apache.zookeeper.server.watch.WatchManagerFactory -- Using org.apache.zookeeper.server.watch.WatchManager as watch manager
22:43:11.027 [main] INFO org.apache.zookeeper.server.watch.WatchManagerFactory -- Using org.apache.zookeeper.server.watch.WatchManager as watch manager
22:43:11.027 [main] INFO org.apache.zookeeper.server.ZKDatabase -- zookeeper.snapshotSizeFactor = 0.33
22:43:11.027 [main] INFO org.apache.zookeeper.server.ZKDatabase -- zookeeper.commitLogCount=500
22:43:11.030 [main] INFO org.apache.zookeeper.server.BlueThrottle -- Weighed connection throttling is disabled
22:43:11.031 [main] INFO org.apache.zookeeper.server.ZooKeeperServer -- minSessionTimeout set to 1600 ms
22:43:11.031 [main] INFO org.apache.zookeeper.server.ZooKeeperServer -- maxSessionTimeout set to 16000 ms
22:43:11.032 [main] INFO org.apache.zookeeper.server.ResponseCache -- getData response cache size is initialized with value 400.
22:43:11.032 [main] INFO org.apache.zookeeper.server.ResponseCache -- getChildren response cache size is initialized with value 400.
22:43:11.033 [main] INFO org.apache.zookeeper.server.util.RequestPathMetricsCollector -- zookeeper.pathStats.slotCapacity = 60
22:43:11.033 [main] INFO org.apache.zookeeper.server.util.RequestPathMetricsCollector -- zookeeper.pathStats.slotDuration = 15
22:43:11.033 [main] INFO org.apache.zookeeper.server.util.RequestPathMetricsCollector -- zookeeper.pathStats.maxDepth = 6
22:43:11.033 [main] INFO org.apache.zookeeper.server.util.RequestPathMetricsCollector -- zookeeper.pathStats.initialDelay = 5
22:43:11.033 [main] INFO org.apache.zookeeper.server.util.RequestPathMetricsCollector -- zookeeper.pathStats.delay = 5
22:43:11.033 [main] INFO org.apache.zookeeper.server.util.RequestPathMetricsCollector -- zookeeper.pathStats.enabled = false
22:43:11.033 [main] INFO org.apache.zookeeper.server.ZooKeeperServer -- The max bytes for all large requests are set to 104857600
22:43:11.033 [main] INFO org.apache.zookeeper.server.ZooKeeperServer -- The large request threshold is set to -1
22:43:11.034 [main] INFO org.apache.zookeeper.server.AuthenticationHelper -- zookeeper.enforce.auth.enabled = false
22:43:11.034 [main] INFO org.apache.zookeeper.server.AuthenticationHelper -- zookeeper.enforce.auth.schemes = []
22:43:11.034 [main] INFO org.apache.zookeeper.server.ZooKeeperServer -- Created server with tickTime 800 ms minSessionTimeout 1600 ms maxSessionTimeout 16000 ms clientPortListenBacklog -1 datadir /var/folders/c3/g7mtk7zj2c13xd20nfx3vcmh0000gn/T/kafka-1854879842307740177/version-2 snapdir /var/folders/c3/g7mtk7zj2c13xd20nfx3vcmh0000gn/T/kafka-549048225387807164/version-2
22:43:11.037 [main] WARN org.apache.zookeeper.server.ServerCnxnFactory -- maxCnxns is not configured, using default value 0.
22:43:11.038 [main] INFO org.apache.zookeeper.server.NIOServerCnxnFactory -- Configuring NIO connection handler with 10s sessionless connection timeout, 2 selector thread(s), 16 worker threads, and 64 kB direct buffers.
22:43:11.056 [main] INFO org.apache.zookeeper.server.NIOServerCnxnFactory -- binding to port /127.0.0.1:0
22:43:11.076 [main] INFO org.apache.zookeeper.server.persistence.SnapStream -- zookeeper.snapshot.compression.method = CHECKED
22:43:11.076 [main] INFO org.apache.zookeeper.server.persistence.FileTxnSnapLog -- Snapshotting: 0x0 to /var/folders/c3/g7mtk7zj2c13xd20nfx3vcmh0000gn/T/kafka-549048225387807164/version-2/snapshot.0
22:43:11.080 [main] INFO org.apache.zookeeper.server.ZKDatabase -- Snapshot loaded in 19 ms, highest zxid is 0x0, digest is 1371985504
22:43:11.080 [main] INFO org.apache.zookeeper.server.persistence.FileTxnSnapLog -- Snapshotting: 0x0 to /var/folders/c3/g7mtk7zj2c13xd20nfx3vcmh0000gn/T/kafka-549048225387807164/version-2/snapshot.0
22:43:11.081 [main] INFO org.apache.zookeeper.server.ZooKeeperServer -- Snapshot taken in 0 ms
22:43:11.087 [ProcessThread(sid:0 cport:54423):] INFO org.apache.zookeeper.server.PrepRequestProcessor -- PrepRequestProcessor (sid:0) started, reconfigEnabled=false
22:43:11.087 [main] INFO org.apache.zookeeper.server.RequestThrottler -- zookeeper.request_throttler.shutdownTimeout = 10000 ms
22:43:11.260 [main] INFO kafka.server.KafkaConfig -- KafkaConfig values: 
	advertised.listeners = null
	alter.config.policy.class.name = null
	alter.log.dirs.replication.quota.window.num = 11
	alter.log.dirs.replication.quota.window.size.seconds = 1
	authorizer.class.name = 
	auto.create.topics.enable = true
	auto.include.jmx.reporter = true
	auto.leader.rebalance.enable = true
	background.threads = 2
	broker.heartbeat.interval.ms = 2000
	broker.id = 0
	broker.id.generation.enable = true
	broker.rack = null
	broker.session.timeout.ms = 9000
	client.quota.callback.class = null
	compression.type = producer
	connection.failed.authentication.delay.ms = 100
	connections.max.idle.ms = 600000
	connections.max.reauth.ms = 0
	control.plane.listener.name = null
	controlled.shutdown.enable = false
	controlled.shutdown.max.retries = 3
	controlled.shutdown.retry.backoff.ms = 100
	controller.listener.names = null
	controller.quorum.append.linger.ms = 25
	controller.quorum.election.backoff.max.ms = 1000
	controller.quorum.election.timeout.ms = 1000
	controller.quorum.fetch.timeout.ms = 2000
	controller.quorum.request.timeout.ms = 2000
	controller.quorum.retry.backoff.ms = 20
	controller.quorum.voters = []
	controller.quota.window.num = 11
	controller.quota.window.size.seconds = 1
	controller.socket.timeout.ms = 1000
	create.topic.policy.class.name = null
	default.replication.factor = 1
	delegation.token.expiry.check.interval.ms = 3600000
	delegation.token.expiry.time.ms = 86400000
	delegation.token.master.key = null
	delegation.token.max.lifetime.ms = 604800000
	delegation.token.secret.key = null
	delete.records.purgatory.purge.interval.requests = 1
	delete.topic.enable = true
	early.start.listeners = null
	eligible.leader.replicas.enable = false
	fetch.max.bytes = 57671680
	fetch.purgatory.purge.interval.requests = 1000
	group.consumer.assignors = [org.apache.kafka.coordinator.group.assignor.UniformAssignor, org.apache.kafka.coordinator.group.assignor.RangeAssignor]
	group.consumer.heartbeat.interval.ms = 5000
	group.consumer.max.heartbeat.interval.ms = 15000
	group.consumer.max.session.timeout.ms = 60000
	group.consumer.max.size = 2147483647
	group.consumer.min.heartbeat.interval.ms = 5000
	group.consumer.min.session.timeout.ms = 45000
	group.consumer.session.timeout.ms = 45000
	group.coordinator.new.enable = false
	group.coordinator.rebalance.protocols = [classic]
	group.coordinator.threads = 1
	group.initial.rebalance.delay.ms = 0
	group.max.session.timeout.ms = 1800000
	group.max.size = 2147483647
	group.min.session.timeout.ms = 6000
	initial.broker.registration.timeout.ms = 60000
	inter.broker.listener.name = null
	inter.broker.protocol.version = 3.7-IV4
	kafka.metrics.polling.interval.secs = 10
	kafka.metrics.reporters = []
	leader.imbalance.check.interval.seconds = 300
	leader.imbalance.per.broker.percentage = 10
	listener.security.protocol.map = PLAINTEXT:PLAINTEXT,SSL:SSL,SASL_PLAINTEXT:SASL_PLAINTEXT,SASL_SSL:SASL_SSL
	listeners = PLAINTEXT://localhost:0
	log.cleaner.backoff.ms = 15000
	log.cleaner.dedupe.buffer.size = 2097152
	log.cleaner.delete.retention.ms = 86400000
	log.cleaner.enable = true
	log.cleaner.io.buffer.load.factor = 0.9
	log.cleaner.io.buffer.size = 524288
	log.cleaner.io.max.bytes.per.second = 1.7976931348623157E308
	log.cleaner.max.compaction.lag.ms = 9223372036854775807
	log.cleaner.min.cleanable.ratio = 0.5
	log.cleaner.min.compaction.lag.ms = 0
	log.cleaner.threads = 1
	log.cleanup.policy = [delete]
	log.dir = /var/folders/c3/g7mtk7zj2c13xd20nfx3vcmh0000gn/T/spring.kafka.51693e69-69b1-4e43-b624-c081e793a363882895113410250001
	log.dirs = null
	log.flush.interval.messages = 9223372036854775807
	log.flush.interval.ms = null
	log.flush.offset.checkpoint.interval.ms = 60000
	log.flush.scheduler.interval.ms = 9223372036854775807
	log.flush.start.offset.checkpoint.interval.ms = 60000
	log.index.interval.bytes = 4096
	log.index.size.max.bytes = 10485760
	log.local.retention.bytes = -2
	log.local.retention.ms = -2
	log.message.downconversion.enable = true
	log.message.format.version = 3.0-IV1
	log.message.timestamp.after.max.ms = 9223372036854775807
	log.message.timestamp.before.max.ms = 9223372036854775807
	log.message.timestamp.difference.max.ms = 9223372036854775807
	log.message.timestamp.type = CreateTime
	log.preallocate = false
	log.retention.bytes = -1
	log.retention.check.interval.ms = 300000
	log.retention.hours = 168
	log.retention.minutes = null
	log.retention.ms = null
	log.roll.hours = 168
	log.roll.jitter.hours = 0
	log.roll.jitter.ms = null
	log.roll.ms = null
	log.segment.bytes = 1073741824
	log.segment.delete.delay.ms = 1000
	max.connection.creation.rate = 2147483647
	max.connections = 2147483647
	max.connections.per.ip = 2147483647
	max.connections.per.ip.overrides = 
	max.incremental.fetch.session.cache.slots = 1000
	message.max.bytes = 1048588
	metadata.log.dir = null
	metadata.log.max.record.bytes.between.snapshots = 20971520
	metadata.log.max.snapshot.interval.ms = 3600000
	metadata.log.segment.bytes = 1073741824
	metadata.log.segment.min.bytes = 8388608
	metadata.log.segment.ms = 604800000
	metadata.max.idle.interval.ms = 500
	metadata.max.retention.bytes = 104857600
	metadata.max.retention.ms = 604800000
	metric.reporters = []
	metrics.num.samples = 2
	metrics.recording.level = INFO
	metrics.sample.window.ms = 30000
	min.insync.replicas = 1
	node.id = 0
	num.io.threads = 8
	num.network.threads = 2
	num.partitions = 1
	num.recovery.threads.per.data.dir = 1
	num.replica.alter.log.dirs.threads = null
	num.replica.fetchers = 1
	offset.metadata.max.bytes = 4096
	offsets.commit.required.acks = -1
	offsets.commit.timeout.ms = 5000
	offsets.load.buffer.size = 5242880
	offsets.retention.check.interval.ms = 600000
	offsets.retention.minutes = 10080
	offsets.topic.compression.codec = 0
	offsets.topic.num.partitions = 5
	offsets.topic.replication.factor = 1
	offsets.topic.segment.bytes = 104857600
	password.encoder.cipher.algorithm = AES/CBC/PKCS5Padding
	password.encoder.iterations = 4096
	password.encoder.key.length = 128
	password.encoder.keyfactory.algorithm = null
	password.encoder.old.secret = null
	password.encoder.secret = null
	principal.builder.class = class org.apache.kafka.common.security.authenticator.DefaultKafkaPrincipalBuilder
	process.roles = []
	producer.id.expiration.check.interval.ms = 600000
	producer.id.expiration.ms = 86400000
	producer.purgatory.purge.interval.requests = 1000
	queued.max.request.bytes = -1
	queued.max.requests = 500
	quota.window.num = 11
	quota.window.size.seconds = 1
	remote.log.index.file.cache.total.size.bytes = 1073741824
	remote.log.manager.task.interval.ms = 30000
	remote.log.manager.task.retry.backoff.max.ms = 30000
	remote.log.manager.task.retry.backoff.ms = 500
	remote.log.manager.task.retry.jitter = 0.2
	remote.log.manager.thread.pool.size = 10
	remote.log.metadata.custom.metadata.max.bytes = 128
	remote.log.metadata.manager.class.name = org.apache.kafka.server.log.remote.metadata.storage.TopicBasedRemoteLogMetadataManager
	remote.log.metadata.manager.class.path = null
	remote.log.metadata.manager.impl.prefix = rlmm.config.
	remote.log.metadata.manager.listener.name = null
	remote.log.reader.max.pending.tasks = 100
	remote.log.reader.threads = 10
	remote.log.storage.manager.class.name = null
	remote.log.storage.manager.class.path = null
	remote.log.storage.manager.impl.prefix = rsm.config.
	remote.log.storage.system.enable = false
	replica.fetch.backoff.ms = 1000
	replica.fetch.max.bytes = 1048576
	replica.fetch.min.bytes = 1
	replica.fetch.response.max.bytes = 10485760
	replica.fetch.wait.max.ms = 500
	replica.high.watermark.checkpoint.interval.ms = 9223372036854775807
	replica.lag.time.max.ms = 30000
	replica.selector.class = null
	replica.socket.receive.buffer.bytes = 65536
	replica.socket.timeout.ms = 1000
	replication.quota.window.num = 11
	replication.quota.window.size.seconds = 1
	request.timeout.ms = 30000
	reserved.broker.max.id = 1000
	sasl.client.callback.handler.class = null
	sasl.enabled.mechanisms = [GSSAPI]
	sasl.jaas.config = null
	sasl.kerberos.kinit.cmd = /usr/bin/kinit
	sasl.kerberos.min.time.before.relogin = 60000
	sasl.kerberos.principal.to.local.rules = [DEFAULT]
	sasl.kerberos.service.name = null
	sasl.kerberos.ticket.renew.jitter = 0.05
	sasl.kerberos.ticket.renew.window.factor = 0.8
	sasl.login.callback.handler.class = null
	sasl.login.class = null
	sasl.login.connect.timeout.ms = null
	sasl.login.read.timeout.ms = null
	sasl.login.refresh.buffer.seconds = 300
	sasl.login.refresh.min.period.seconds = 60
	sasl.login.refresh.window.factor = 0.8
	sasl.login.refresh.window.jitter = 0.05
	sasl.login.retry.backoff.max.ms = 10000
	sasl.login.retry.backoff.ms = 100
	sasl.mechanism.controller.protocol = GSSAPI
	sasl.mechanism.inter.broker.protocol = GSSAPI
	sasl.oauthbearer.clock.skew.seconds = 30
	sasl.oauthbearer.expected.audience = null
	sasl.oauthbearer.expected.issuer = null
	sasl.oauthbearer.jwks.endpoint.refresh.ms = 3600000
	sasl.oauthbearer.jwks.endpoint.retry.backoff.max.ms = 10000
	sasl.oauthbearer.jwks.endpoint.retry.backoff.ms = 100
	sasl.oauthbearer.jwks.endpoint.url = null
	sasl.oauthbearer.scope.claim.name = scope
	sasl.oauthbearer.sub.claim.name = sub
	sasl.oauthbearer.token.endpoint.url = null
	sasl.server.callback.handler.class = null
	sasl.server.max.receive.size = 524288
	security.inter.broker.protocol = PLAINTEXT
	security.providers = null
	server.max.startup.time.ms = 9223372036854775807
	socket.connection.setup.timeout.max.ms = 30000
	socket.connection.setup.timeout.ms = 10000
	socket.listen.backlog.size = 50
	socket.receive.buffer.bytes = 102400
	socket.request.max.bytes = 104857600
	socket.send.buffer.bytes = 102400
	ssl.allow.dn.changes = false
	ssl.allow.san.changes = false
	ssl.cipher.suites = []
	ssl.client.auth = none
	ssl.enabled.protocols = [TLSv1.2, TLSv1.3]
	ssl.endpoint.identification.algorithm = https
	ssl.engine.factory.class = null
	ssl.key.password = null
	ssl.keymanager.algorithm = SunX509
	ssl.keystore.certificate.chain = null
	ssl.keystore.key = null
	ssl.keystore.location = null
	ssl.keystore.password = null
	ssl.keystore.type = JKS
	ssl.principal.mapping.rules = DEFAULT
	ssl.protocol = TLSv1.3
	ssl.provider = null
	ssl.secure.random.implementation = null
	ssl.trustmanager.algorithm = PKIX
	ssl.truststore.certificates = null
	ssl.truststore.location = null
	ssl.truststore.password = null
	ssl.truststore.type = JKS
	telemetry.max.bytes = 1048576
	transaction.abort.timed.out.transaction.cleanup.interval.ms = 10000
	transaction.max.timeout.ms = 900000
	transaction.partition.verification.enable = true
	transaction.remove.expired.transaction.cleanup.interval.ms = 3600000
	transaction.state.log.load.buffer.size = 5242880
	transaction.state.log.min.isr = 2
	transaction.state.log.num.partitions = 50
	transaction.state.log.replication.factor = 3
	transaction.state.log.segment.bytes = 104857600
	transactional.id.expiration.ms = 604800000
	unclean.leader.election.enable = false
	unstable.api.versions.enable = false
	unstable.metadata.versions.enable = true
	zookeeper.clientCnxnSocket = null
	zookeeper.connect = 127.0.0.1:54423
	zookeeper.connection.timeout.ms = 10000
	zookeeper.max.in.flight.requests = 10
	zookeeper.metadata.migration.enable = false
	zookeeper.metadata.migration.min.batch.size = 200
	zookeeper.session.timeout.ms = 18000
	zookeeper.set.acl = false
	zookeeper.ssl.cipher.suites = null
	zookeeper.ssl.client.enable = false
	zookeeper.ssl.crl.enable = false
	zookeeper.ssl.enabled.protocols = null
	zookeeper.ssl.endpoint.identification.algorithm = HTTPS
	zookeeper.ssl.keystore.location = null
	zookeeper.ssl.keystore.password = null
	zookeeper.ssl.keystore.type = null
	zookeeper.ssl.ocsp.enable = false
	zookeeper.ssl.protocol = TLSv1.2
	zookeeper.ssl.truststore.location = null
	zookeeper.ssl.truststore.password = null
	zookeeper.ssl.truststore.type = null

22:43:11.275 [main] INFO org.apache.zookeeper.common.X509Util -- Setting -D jdk.tls.rejectClientInitiatedRenegotiation=true to disable client-initiated TLS renegotiation
22:43:11.317 [main] INFO kafka.server.KafkaServer -- starting
22:43:11.318 [main] INFO kafka.server.KafkaServer -- Connecting to zookeeper on 127.0.0.1:54423
22:43:11.326 [main] INFO kafka.zookeeper.ZooKeeperClient -- [ZooKeeperClient Kafka server] Initializing a new session to 127.0.0.1:54423.
22:43:11.328 [main] INFO org.apache.zookeeper.ZooKeeper -- Client environment:zookeeper.version=3.8.4-9316c2a7a97e1666d8f4593f34dd6fc36ecc436c, built on 2024-02-12 22:16 UTC
22:43:11.328 [main] INFO org.apache.zookeeper.ZooKeeper -- Client environment:host.name=192.168.1.3
22:43:11.328 [main] INFO org.apache.zookeeper.ZooKeeper -- Client environment:java.version=17.0.19
22:43:11.328 [main] INFO org.apache.zookeeper.ZooKeeper -- Client environment:java.vendor=Homebrew
22:43:11.328 [main] INFO org.apache.zookeeper.ZooKeeper -- Client environment:java.home=/opt/homebrew/Cellar/openjdk@17/17.0.19/libexec/openjdk.jdk/Contents/Home
22:43:11.328 [main] INFO org.apache.zookeeper.ZooKeeper -- Client environment:java.class.path=/Users/abhishek/bank system/banking-system-microservices/transaction-service/target/test-classes:/Users/abhishek/bank system/banking-system-microservices/transaction-service/target/classes:/Users/abhishek/.m2/repository/com/banking/common-lib/1.0.0-SNAPSHOT/common-lib-1.0.0-SNAPSHOT.jar:/Users/abhishek/.m2/repository/org/springframework/spring-web/6.1.14/spring-web-6.1.14.jar:/Users/abhishek/.m2/repository/org/springframework/spring-beans/6.1.14/spring-beans-6.1.14.jar:/Users/abhishek/.m2/repository/com/fasterxml/jackson/core/jackson-annotations/2.17.2/jackson-annotations-2.17.2.jar:/Users/abhishek/.m2/repository/jakarta/validation/jakarta.validation-api/3.0.2/jakarta.validation-api-3.0.2.jar:/Users/abhishek/.m2/repository/org/springframework/boot/spring-boot-starter-web/3.3.5/spring-boot-starter-web-3.3.5.jar:/Users/abhishek/.m2/repository/org/springframework/boot/spring-boot-starter/3.3.5/spring-boot-starter-3.3.5.jar:/Users/abhishek/.m2/repository/org/springframework/boot/spring-boot/3.3.5/spring-boot-3.3.5.jar:/Users/abhishek/.m2/repository/org/springframework/boot/spring-boot-autoconfigure/3.3.5/spring-boot-autoconfigure-3.3.5.jar:/Users/abhishek/.m2/repository/org/springframework/boot/spring-boot-starter-logging/3.3.5/spring-boot-starter-logging-3.3.5.jar:/Users/abhishek/.m2/repository/org/apache/logging/log4j/log4j-to-slf4j/2.23.1/log4j-to-slf4j-2.23.1.jar:/Users/abhishek/.m2/repository/org/apache/logging/log4j/log4j-api/2.23.1/log4j-api-2.23.1.jar:/Users/abhishek/.m2/repository/org/slf4j/jul-to-slf4j/2.0.16/jul-to-slf4j-2.0.16.jar:/Users/abhishek/.m2/repository/jakarta/annotation/jakarta.annotation-api/2.1.1/jakarta.annotation-api-2.1.1.jar:/Users/abhishek/.m2/repository/org/yaml/snakeyaml/2.2/snakeyaml-2.2.jar:/Users/abhishek/.m2/repository/org/springframework/boot/spring-boot-starter-json/3.3.5/spring-boot-starter-json-3.3.5.jar:/Users/abhishek/.m2/repository/com/fasterxml/jackson/datatype/jackson-datatype-jdk8/2.17.2/jackson-datatype-jdk8-2.17.2.jar:/Users/abhishek/.m2/repository/com/fasterxml/jackson/datatype/jackson-datatype-jsr310/2.17.2/jackson-datatype-jsr310-2.17.2.jar:/Users/abhishek/.m2/repository/com/fasterxml/jackson/module/jackson-module-parameter-names/2.17.2/jackson-module-parameter-names-2.17.2.jar:/Users/abhishek/.m2/repository/org/springframework/boot/spring-boot-starter-tomcat/3.3.5/spring-boot-starter-tomcat-3.3.5.jar:/Users/abhishek/.m2/repository/org/apache/tomcat/embed/tomcat-embed-core/10.1.31/tomcat-embed-core-10.1.31.jar:/Users/abhishek/.m2/repository/org/apache/tomcat/embed/tomcat-embed-websocket/10.1.31/tomcat-embed-websocket-10.1.31.jar:/Users/abhishek/.m2/repository/org/springframework/spring-webmvc/6.1.14/spring-webmvc-6.1.14.jar:/Users/abhishek/.m2/repository/org/springframework/spring-expression/6.1.14/spring-expression-6.1.14.jar:/Users/abhishek/.m2/repository/org/springframework/boot/spring-boot-starter-data-jpa/3.3.5/spring-boot-starter-data-jpa-3.3.5.jar:/Users/abhishek/.m2/repository/org/springframework/boot/spring-boot-starter-aop/3.3.5/spring-boot-starter-aop-3.3.5.jar:/Users/abhishek/.m2/repository/org/aspectj/aspectjweaver/1.9.22.1/aspectjweaver-1.9.22.1.jar:/Users/abhishek/.m2/repository/org/springframework/boot/spring-boot-starter-jdbc/3.3.5/spring-boot-starter-jdbc-3.3.5.jar:/Users/abhishek/.m2/repository/com/zaxxer/HikariCP/5.1.0/HikariCP-5.1.0.jar:/Users/abhishek/.m2/repository/org/springframework/spring-jdbc/6.1.14/spring-jdbc-6.1.14.jar:/Users/abhishek/.m2/repository/org/hibernate/orm/hibernate-core/6.5.3.Final/hibernate-core-6.5.3.Final.jar:/Users/abhishek/.m2/repository/jakarta/persistence/jakarta.persistence-api/3.1.0/jakarta.persistence-api-3.1.0.jar:/Users/abhishek/.m2/repository/jakarta/transaction/jakarta.transaction-api/2.0.1/jakarta.transaction-api-2.0.1.jar:/Users/abhishek/.m2/repository/org/jboss/logging/jboss-logging/3.5.3.Final/jboss-logging-3.5.3.Final.jar:/Users/abhishek/.m2/repository/org/hibernate/common/hibernate-commons-annotations/6.0.6.Final/hibernate-commons-annotations-6.0.6.Final.jar:/Users/abhishek/.m2/repository/io/smallrye/jandex/3.1.2/jandex-3.1.2.jar:/Users/abhishek/.m2/repository/com/fasterxml/classmate/1.7.0/classmate-1.7.0.jar:/Users/abhishek/.m2/repository/net/bytebuddy/byte-buddy/1.14.19/byte-buddy-1.14.19.jar:/Users/abhishek/.m2/repository/org/glassfish/jaxb/jaxb-runtime/4.0.5/jaxb-runtime-4.0.5.jar:/Users/abhishek/.m2/repository/org/glassfish/jaxb/jaxb-core/4.0.5/jaxb-core-4.0.5.jar:/Users/abhishek/.m2/repository/org/eclipse/angus/angus-activation/2.0.2/angus-activation-2.0.2.jar:/Users/abhishek/.m2/repository/org/glassfish/jaxb/txw2/4.0.5/txw2-4.0.5.jar:/Users/abhishek/.m2/repository/com/sun/istack/istack-commons-runtime/4.1.2/istack-commons-runtime-4.1.2.jar:/Users/abhishek/.m2/repository/jakarta/inject/jakarta.inject-api/2.0.1/jakarta.inject-api-2.0.1.jar:/Users/abhishek/.m2/repository/org/antlr/antlr4-runtime/4.13.0/antlr4-runtime-4.13.0.jar:/Users/abhishek/.m2/repository/org/springframework/data/spring-data-jpa/3.3.5/spring-data-jpa-3.3.5.jar:/Users/abhishek/.m2/repository/org/springframework/data/spring-data-commons/3.3.5/spring-data-commons-3.3.5.jar:/Users/abhishek/.m2/repository/org/springframework/spring-orm/6.1.14/spring-orm-6.1.14.jar:/Users/abhishek/.m2/repository/org/slf4j/slf4j-api/2.0.16/slf4j-api-2.0.16.jar:/Users/abhishek/.m2/repository/org/springframework/spring-aspects/6.1.14/spring-aspects-6.1.14.jar:/Users/abhishek/.m2/repository/org/springframework/boot/spring-boot-starter-validation/3.3.5/spring-boot-starter-validation-3.3.5.jar:/Users/abhishek/.m2/repository/org/apache/tomcat/embed/tomcat-embed-el/10.1.31/tomcat-embed-el-10.1.31.jar:/Users/abhishek/.m2/repository/org/hibernate/validator/hibernate-validator/8.0.1.Final/hibernate-validator-8.0.1.Final.jar:/Users/abhishek/.m2/repository/org/springframework/boot/spring-boot-starter-security/3.3.5/spring-boot-starter-security-3.3.5.jar:/Users/abhishek/.m2/repository/org/springframework/spring-aop/6.1.14/spring-aop-6.1.14.jar:/Users/abhishek/.m2/repository/org/springframework/security/spring-security-config/6.3.4/spring-security-config-6.3.4.jar:/Users/abhishek/.m2/repository/org/springframework/security/spring-security-web/6.3.4/spring-security-web-6.3.4.jar:/Users/abhishek/.m2/repository/org/springframework/boot/spring-boot-starter-actuator/3.3.5/spring-boot-starter-actuator-3.3.5.jar:/Users/abhishek/.m2/repository/org/springframework/boot/spring-boot-actuator-autoconfigure/3.3.5/spring-boot-actuator-autoconfigure-3.3.5.jar:/Users/abhishek/.m2/repository/org/springframework/boot/spring-boot-actuator/3.3.5/spring-boot-actuator-3.3.5.jar:/Users/abhishek/.m2/repository/io/micrometer/micrometer-observation/1.13.6/micrometer-observation-1.13.6.jar:/Users/abhishek/.m2/repository/io/micrometer/micrometer-commons/1.13.6/micrometer-commons-1.13.6.jar:/Users/abhishek/.m2/repository/io/micrometer/micrometer-jakarta9/1.13.6/micrometer-jakarta9-1.13.6.jar:/Users/abhishek/.m2/repository/io/micrometer/micrometer-core/1.13.6/micrometer-core-1.13.6.jar:/Users/abhishek/.m2/repository/org/hdrhistogram/HdrHistogram/2.2.2/HdrHistogram-2.2.2.jar:/Users/abhishek/.m2/repository/org/latencyutils/LatencyUtils/2.0.3/LatencyUtils-2.0.3.jar:/Users/abhishek/.m2/repository/org/springframework/cloud/spring-cloud-starter-netflix-eureka-client/4.1.3/spring-cloud-starter-netflix-eureka-client-4.1.3.jar:/Users/abhishek/.m2/repository/org/springframework/cloud/spring-cloud-starter/4.1.4/spring-cloud-starter-4.1.4.jar:/Users/abhishek/.m2/repository/org/springframework/cloud/spring-cloud-context/4.1.4/spring-cloud-context-4.1.4.jar:/Users/abhishek/.m2/repository/org/springframework/security/spring-security-rsa/1.1.3/spring-security-rsa-1.1.3.jar:/Users/abhishek/.m2/repository/org/bouncycastle/bcprov-jdk18on/1.78/bcprov-jdk18on-1.78.jar:/Users/abhishek/.m2/repository/org/springframework/cloud/spring-cloud-netflix-eureka-client/4.1.3/spring-cloud-netflix-eureka-client-4.1.3.jar:/Users/abhishek/.m2/repository/org/apache/httpcomponents/client5/httpclient5/5.3.1/httpclient5-5.3.1.jar:/Users/abhishek/.m2/repository/org/apache/httpcomponents/core5/httpcore5/5.2.5/httpcore5-5.2.5.jar:/Users/abhishek/.m2/repository/org/apache/httpcomponents/core5/httpcore5-h2/5.2.5/httpcore5-h2-5.2.5.jar:/Users/abhishek/.m2/repository/com/netflix/eureka/eureka-client/2.0.3/eureka-client-2.0.3.jar:/Users/abhishek/.m2/repository/com/thoughtworks/xstream/xstream/1.4.20/xstream-1.4.20.jar:/Users/abhishek/.m2/repository/io/github/x-stream/mxparser/1.2.2/mxparser-1.2.2.jar:/Users/abhishek/.m2/repository/xmlpull/xmlpull/1.1.3.1/xmlpull-1.1.3.1.jar:/Users/abhishek/.m2/repository/jakarta/ws/rs/jakarta.ws.rs-api/3.1.0/jakarta.ws.rs-api-3.1.0.jar:/Users/abhishek/.m2/repository/com/netflix/spectator/spectator-api/1.7.3/spectator-api-1.7.3.jar:/Users/abhishek/.m2/repository/org/apache/httpcomponents/httpclient/4.5.3/httpclient-4.5.3.jar:/Users/abhishek/.m2/repository/org/apache/httpcomponents/httpcore/4.4.16/httpcore-4.4.16.jar:/Users/abhishek/.m2/repository/commons-codec/commons-codec/1.16.1/commons-codec-1.16.1.jar:/Users/abhishek/.m2/repository/commons-configuration/commons-configuration/1.10/commons-configuration-1.10.jar:/Users/abhishek/.m2/repository/commons-lang/commons-lang/2.6/commons-lang-2.6.jar:/Users/abhishek/.m2/repository/com/fasterxml/jackson/core/jackson-core/2.17.2/jackson-core-2.17.2.jar:/Users/abhishek/.m2/repository/com/netflix/netflix-commons/netflix-eventbus/0.3.0/netflix-eventbus-0.3.0.jar:/Users/abhishek/.m2/repository/com/netflix/netflix-commons/netflix-infix/0.3.0/netflix-infix-0.3.0.jar:/Users/abhishek/.m2/repository/commons-jxpath/commons-jxpath/1.3/commons-jxpath-1.3.jar:/Users/abhishek/.m2/repository/joda-time/joda-time/2.3/joda-time-2.3.jar:/Users/abhishek/.m2/repository/org/antlr/antlr-runtime/3.4/antlr-runtime-3.4.jar:/Users/abhishek/.m2/repository/org/antlr/stringtemplate/3.2.1/stringtemplate-3.2.1.jar:/Users/abhishek/.m2/repository/antlr/antlr/2.7.7/antlr-2.7.7.jar:/Users/abhishek/.m2/repository/com/netflix/servo/servo-core/0.5.3/servo-core-0.5.3.jar:/Users/abhishek/.m2/repository/org/apache/commons/commons-math/2.2/commons-math-2.2.jar:/Users/abhishek/.m2/repository/javax/annotation/javax.annotation-api/1.2/javax.annotation-api-1.2.jar:/Users/abhishek/.m2/repository/org/codehaus/jettison/jettison/1.5.4/jettison-1.5.4.jar:/Users/abhishek/.m2/repository/com/netflix/eureka/eureka-core/2.0.3/eureka-core-2.0.3.jar:/Users/abhishek/.m2/repository/com/fasterxml/woodstox/woodstox-core/6.2.1/woodstox-core-6.2.1.jar:/Users/abhishek/.m2/repository/org/codehaus/woodstox/stax2-api/4.2.1/stax2-api-4.2.1.jar:/Users/abhishek/.m2/repository/com/google/guava/guava/33.0.0-jre/guava-33.0.0-jre.jar:/Users/abhishek/.m2/repository/com/google/guava/failureaccess/1.0.2/failureaccess-1.0.2.jar:/Users/abhishek/.m2/repository/com/google/guava/listenablefuture/9999.0-empty-to-avoid-conflict-with-guava/listenablefuture-9999.0-empty-to-avoid-conflict-with-guava.jar:/Users/abhishek/.m2/repository/com/google/errorprone/error_prone_annotations/2.23.0/error_prone_annotations-2.23.0.jar:/Users/abhishek/.m2/repository/com/google/j2objc/j2objc-annotations/2.8/j2objc-annotations-2.8.jar:/Users/abhishek/.m2/repository/org/springframework/cloud/spring-cloud-starter-loadbalancer/4.1.4/spring-cloud-starter-loadbalancer-4.1.4.jar:/Users/abhishek/.m2/repository/org/springframework/cloud/spring-cloud-loadbalancer/4.1.4/spring-cloud-loadbalancer-4.1.4.jar:/Users/abhishek/.m2/repository/io/projectreactor/reactor-core/3.6.11/reactor-core-3.6.11.jar:/Users/abhishek/.m2/repository/org/reactivestreams/reactive-streams/1.0.4/reactive-streams-1.0.4.jar:/Users/abhishek/.m2/repository/io/projectreactor/addons/reactor-extra/3.5.2/reactor-extra-3.5.2.jar:/Users/abhishek/.m2/repository/org/springframework/boot/spring-boot-starter-cache/3.3.5/spring-boot-starter-cache-3.3.5.jar:/Users/abhishek/.m2/repository/org/springframework/spring-context-support/6.1.14/spring-context-support-6.1.14.jar:/Users/abhishek/.m2/repository/com/stoyanr/evictor/1.0.0/evictor-1.0.0.jar:/Users/abhishek/.m2/repository/org/springframework/cloud/spring-cloud-starter-config/4.1.3/spring-cloud-starter-config-4.1.3.jar:/Users/abhishek/.m2/repository/org/springframework/cloud/spring-cloud-config-client/4.1.3/spring-cloud-config-client-4.1.3.jar:/Users/abhishek/.m2/repository/com/fasterxml/jackson/core/jackson-databind/2.17.2/jackson-databind-2.17.2.jar:/Users/abhishek/.m2/repository/org/springframework/cloud/spring-cloud-starter-openfeign/4.1.3/spring-cloud-starter-openfeign-4.1.3.jar:/Users/abhishek/.m2/repository/org/springframework/cloud/spring-cloud-openfeign-core/4.1.3/spring-cloud-openfeign-core-4.1.3.jar:/Users/abhishek/.m2/repository/io/github/openfeign/form/feign-form-spring/3.8.0/feign-form-spring-3.8.0.jar:/Users/abhishek/.m2/repository/io/github/openfeign/form/feign-form/3.8.0/feign-form-3.8.0.jar:/Users/abhishek/.m2/repository/commons-fileupload/commons-fileupload/1.5/commons-fileupload-1.5.jar:/Users/abhishek/.m2/repository/org/springframework/cloud/spring-cloud-commons/4.1.4/spring-cloud-commons-4.1.4.jar:/Users/abhishek/.m2/repository/org/springframework/security/spring-security-crypto/6.3.4/spring-security-crypto-6.3.4.jar:/Users/abhishek/.m2/repository/io/github/openfeign/feign-core/13.3/feign-core-13.3.jar:/Users/abhishek/.m2/repository/io/github/openfeign/feign-slf4j/13.3/feign-slf4j-13.3.jar:/Users/abhishek/.m2/repository/org/springframework/kafka/spring-kafka/3.2.4/spring-kafka-3.2.4.jar:/Users/abhishek/.m2/repository/org/springframework/spring-context/6.1.14/spring-context-6.1.14.jar:/Users/abhishek/.m2/repository/org/springframework/spring-messaging/6.1.14/spring-messaging-6.1.14.jar:/Users/abhishek/.m2/repository/org/springframework/spring-tx/6.1.14/spring-tx-6.1.14.jar:/Users/abhishek/.m2/repository/org/springframework/retry/spring-retry/2.0.10/spring-retry-2.0.10.jar:/Users/abhishek/.m2/repository/org/apache/kafka/kafka-clients/3.7.1/kafka-clients-3.7.1.jar:/Users/abhishek/.m2/repository/com/github/luben/zstd-jni/1.5.6-3/zstd-jni-1.5.6-3.jar:/Users/abhishek/.m2/repository/org/lz4/lz4-java/1.8.0/lz4-java-1.8.0.jar:/Users/abhishek/.m2/repository/org/xerial/snappy/snappy-java/1.1.10.5/snappy-java-1.1.10.5.jar:/Users/abhishek/.m2/repository/org/flywaydb/flyway-core/10.10.0/flyway-core-10.10.0.jar:/Users/abhishek/.m2/repository/com/fasterxml/jackson/dataformat/jackson-dataformat-toml/2.17.2/jackson-dataformat-toml-2.17.2.jar:/Users/abhishek/.m2/repository/com/google/code/gson/gson/2.10.1/gson-2.10.1.jar:/Users/abhishek/.m2/repository/org/flywaydb/flyway-database-postgresql/10.10.0/flyway-database-postgresql-10.10.0.jar:/Users/abhishek/.m2/repository/org/postgresql/postgresql/42.7.4/postgresql-42.7.4.jar:/Users/abhishek/.m2/repository/org/checkerframework/checker-qual/3.42.0/checker-qual-3.42.0.jar:/Users/abhishek/.m2/repository/io/jsonwebtoken/jjwt-api/0.12.6/jjwt-api-0.12.6.jar:/Users/abhishek/.m2/repository/io/jsonwebtoken/jjwt-impl/0.12.6/jjwt-impl-0.12.6.jar:/Users/abhishek/.m2/repository/io/jsonwebtoken/jjwt-jackson/0.12.6/jjwt-jackson-0.12.6.jar:/Users/abhishek/.m2/repository/org/springdoc/springdoc-openapi-starter-webmvc-ui/2.6.0/springdoc-openapi-starter-webmvc-ui-2.6.0.jar:/Users/abhishek/.m2/repository/org/springdoc/springdoc-openapi-starter-webmvc-api/2.6.0/springdoc-openapi-starter-webmvc-api-2.6.0.jar:/Users/abhishek/.m2/repository/org/springdoc/springdoc-openapi-starter-common/2.6.0/springdoc-openapi-starter-common-2.6.0.jar:/Users/abhishek/.m2/repository/io/swagger/core/v3/swagger-core-jakarta/2.2.22/swagger-core-jakarta-2.2.22.jar:/Users/abhishek/.m2/repository/org/apache/commons/commons-lang3/3.14.0/commons-lang3-3.14.0.jar:/Users/abhishek/.m2/repository/io/swagger/core/v3/swagger-annotations-jakarta/2.2.22/swagger-annotations-jakarta-2.2.22.jar:/Users/abhishek/.m2/repository/io/swagger/core/v3/swagger-models-jakarta/2.2.22/swagger-models-jakarta-2.2.22.jar:/Users/abhishek/.m2/repository/com/fasterxml/jackson/dataformat/jackson-dataformat-yaml/2.17.2/jackson-dataformat-yaml-2.17.2.jar:/Users/abhishek/.m2/repository/org/webjars/swagger-ui/5.17.14/swagger-ui-5.17.14.jar:/Users/abhishek/.m2/repository/org/projectlombok/lombok/1.18.34/lombok-1.18.34.jar:/Users/abhishek/.m2/repository/org/springframework/boot/spring-boot-starter-test/3.3.5/spring-boot-starter-test-3.3.5.jar:/Users/abhishek/.m2/repository/org/springframework/boot/spring-boot-test/3.3.5/spring-boot-test-3.3.5.jar:/Users/abhishek/.m2/repository/org/springframework/boot/spring-boot-test-autoconfigure/3.3.5/spring-boot-test-autoconfigure-3.3.5.jar:/Users/abhishek/.m2/repository/com/jayway/jsonpath/json-path/2.9.0/json-path-2.9.0.jar:/Users/abhishek/.m2/repository/jakarta/xml/bind/jakarta.xml.bind-api/4.0.2/jakarta.xml.bind-api-4.0.2.jar:/Users/abhishek/.m2/repository/jakarta/activation/jakarta.activation-api/2.1.3/jakarta.activation-api-2.1.3.jar:/Users/abhishek/.m2/repository/net/minidev/json-smart/2.5.1/json-smart-2.5.1.jar:/Users/abhishek/.m2/repository/net/minidev/accessors-smart/2.5.1/accessors-smart-2.5.1.jar:/Users/abhishek/.m2/repository/org/ow2/asm/asm/9.6/asm-9.6.jar:/Users/abhishek/.m2/repository/org/assertj/assertj-core/3.25.3/assertj-core-3.25.3.jar:/Users/abhishek/.m2/repository/org/awaitility/awaitility/4.2.2/awaitility-4.2.2.jar:/Users/abhishek/.m2/repository/org/hamcrest/hamcrest/2.2/hamcrest-2.2.jar:/Users/abhishek/.m2/repository/org/junit/jupiter/junit-jupiter/5.10.5/junit-jupiter-5.10.5.jar:/Users/abhishek/.m2/repository/org/junit/jupiter/junit-jupiter-params/5.10.5/junit-jupiter-params-5.10.5.jar:/Users/abhishek/.m2/repository/org/junit/jupiter/junit-jupiter-engine/5.10.5/junit-jupiter-engine-5.10.5.jar:/Users/abhishek/.m2/repository/org/mockito/mockito-core/5.11.0/mockito-core-5.11.0.jar:/Users/abhishek/.m2/repository/net/bytebuddy/byte-buddy-agent/1.14.19/byte-buddy-agent-1.14.19.jar:/Users/abhishek/.m2/repository/org/objenesis/objenesis/3.3/objenesis-3.3.jar:/Users/abhishek/.m2/repository/org/mockito/mockito-junit-jupiter/5.11.0/mockito-junit-jupiter-5.11.0.jar:/Users/abhishek/.m2/repository/org/skyscreamer/jsonassert/1.5.3/jsonassert-1.5.3.jar:/Users/abhishek/.m2/repository/com/vaadin/external/google/android-json/0.0.20131108.vaadin1/android-json-0.0.20131108.vaadin1.jar:/Users/abhishek/.m2/repository/org/springframework/spring-core/6.1.14/spring-core-6.1.14.jar:/Users/abhishek/.m2/repository/org/springframework/spring-jcl/6.1.14/spring-jcl-6.1.14.jar:/Users/abhishek/.m2/repository/org/springframework/spring-test/6.1.14/spring-test-6.1.14.jar:/Users/abhishek/.m2/repository/org/xmlunit/xmlunit-core/2.9.1/xmlunit-core-2.9.1.jar:/Users/abhishek/.m2/repository/org/springframework/security/spring-security-test/6.3.4/spring-security-test-6.3.4.jar:/Users/abhishek/.m2/repository/org/springframework/security/spring-security-core/6.3.4/spring-security-core-6.3.4.jar:/Users/abhishek/.m2/repository/com/h2database/h2/2.2.224/h2-2.2.224.jar:/Users/abhishek/.m2/repository/org/springframework/kafka/spring-kafka-test/3.2.4/spring-kafka-test-3.2.4.jar:/Users/abhishek/.m2/repository/org/apache/zookeeper/zookeeper/3.8.4/zookeeper-3.8.4.jar:/Users/abhishek/.m2/repository/org/apache/zookeeper/zookeeper-jute/3.8.4/zookeeper-jute-3.8.4.jar:/Users/abhishek/.m2/repository/org/apache/yetus/audience-annotations/0.12.0/audience-annotations-0.12.0.jar:/Users/abhishek/.m2/repository/io/netty/netty-handler/4.1.114.Final/netty-handler-4.1.114.Final.jar:/Users/abhishek/.m2/repository/io/netty/netty-common/4.1.114.Final/netty-common-4.1.114.Final.jar:/Users/abhishek/.m2/repository/io/netty/netty-resolver/4.1.114.Final/netty-resolver-4.1.114.Final.jar:/Users/abhishek/.m2/repository/io/netty/netty-buffer/4.1.114.Final/netty-buffer-4.1.114.Final.jar:/Users/abhishek/.m2/repository/io/netty/netty-transport/4.1.114.Final/netty-transport-4.1.114.Final.jar:/Users/abhishek/.m2/repository/io/netty/netty-transport-native-unix-common/4.1.114.Final/netty-transport-native-unix-common-4.1.114.Final.jar:/Users/abhishek/.m2/repository/io/netty/netty-codec/4.1.114.Final/netty-codec-4.1.114.Final.jar:/Users/abhishek/.m2/repository/io/netty/netty-transport-native-epoll/4.1.114.Final/netty-transport-native-epoll-4.1.114.Final.jar:/Users/abhishek/.m2/repository/io/netty/netty-transport-classes-epoll/4.1.114.Final/netty-transport-classes-epoll-4.1.114.Final.jar:/Users/abhishek/.m2/repository/ch/qos/logback/logback-core/1.5.11/logback-core-1.5.11.jar:/Users/abhishek/.m2/repository/ch/qos/logback/logback-classic/1.5.11/logback-classic-1.5.11.jar:/Users/abhishek/.m2/repository/commons-io/commons-io/2.11.0/commons-io-2.11.0.jar:/Users/abhishek/.m2/repository/org/apache/kafka/kafka-clients/3.7.1/kafka-clients-3.7.1-test.jar:/Users/abhishek/.m2/repository/org/apache/kafka/kafka-metadata/3.7.1/kafka-metadata-3.7.1.jar:/Users/abhishek/.m2/repository/org/apache/kafka/kafka-raft/3.7.1/kafka-raft-3.7.1.jar:/Users/abhishek/.m2/repository/com/yammer/metrics/metrics-core/2.2.0/metrics-core-2.2.0.jar:/Users/abhishek/.m2/repository/org/apache/kafka/kafka-server-common/3.7.1/kafka-server-common-3.7.1.jar:/Users/abhishek/.m2/repository/net/sf/jopt-simple/jopt-simple/5.0.4/jopt-simple-5.0.4.jar:/Users/abhishek/.m2/repository/org/pcollections/pcollections/4.0.1/pcollections-4.0.1.jar:/Users/abhishek/.m2/repository/org/apache/kafka/kafka-server-common/3.7.1/kafka-server-common-3.7.1-test.jar:/Users/abhishek/.m2/repository/org/apache/kafka/kafka-streams-test-utils/3.7.1/kafka-streams-test-utils-3.7.1.jar:/Users/abhishek/.m2/repository/org/apache/kafka/kafka-streams/3.7.1/kafka-streams-3.7.1.jar:/Users/abhishek/.m2/repository/org/rocksdb/rocksdbjni/7.9.2/rocksdbjni-7.9.2.jar:/Users/abhishek/.m2/repository/org/apache/kafka/kafka_2.13/3.7.1/kafka_2.13-3.7.1.jar:/Users/abhishek/.m2/repository/org/scala-lang/scala-library/2.13.12/scala-library-2.13.12.jar:/Users/abhishek/.m2/repository/org/apache/kafka/kafka-group-coordinator/3.7.1/kafka-group-coordinator-3.7.1.jar:/Users/abhishek/.m2/repository/org/apache/kafka/kafka-storage-api/3.7.1/kafka-storage-api-3.7.1.jar:/Users/abhishek/.m2/repository/org/apache/kafka/kafka-tools-api/3.7.1/kafka-tools-api-3.7.1.jar:/Users/abhishek/.m2/repository/org/apache/kafka/kafka-storage/3.7.1/kafka-storage-3.7.1.jar:/Users/abhishek/.m2/repository/com/github/ben-manes/caffeine/caffeine/3.1.8/caffeine-3.1.8.jar:/Users/abhishek/.m2/repository/org/apache/kafka/kafka-server/3.7.1/kafka-server-3.7.1.jar:/Users/abhishek/.m2/repository/net/sourceforge/argparse4j/argparse4j/0.7.0/argparse4j-0.7.0.jar:/Users/abhishek/.m2/repository/commons-validator/commons-validator/1.7/commons-validator-1.7.jar:/Users/abhishek/.m2/repository/commons-beanutils/commons-beanutils/1.9.4/commons-beanutils-1.9.4.jar:/Users/abhishek/.m2/repository/commons-digester/commons-digester/2.1/commons-digester-2.1.jar:/Users/abhishek/.m2/repository/commons-collections/commons-collections/3.2.2/commons-collections-3.2.2.jar:/Users/abhishek/.m2/repository/com/fasterxml/jackson/module/jackson-module-scala_2.13/2.17.2/jackson-module-scala_2.13-2.17.2.jar:/Users/abhishek/.m2/repository/com/thoughtworks/paranamer/paranamer/2.8/paranamer-2.8.jar:/Users/abhishek/.m2/repository/com/fasterxml/jackson/dataformat/jackson-dataformat-csv/2.17.2/jackson-dataformat-csv-2.17.2.jar:/Users/abhishek/.m2/repository/org/bitbucket/b_c/jose4j/0.9.4/jose4j-0.9.4.jar:/Users/abhishek/.m2/repository/org/scala-lang/modules/scala-collection-compat_2.13/2.10.0/scala-collection-compat_2.13-2.10.0.jar:/Users/abhishek/.m2/repository/org/scala-lang/modules/scala-java8-compat_2.13/1.0.2/scala-java8-compat_2.13-1.0.2.jar:/Users/abhishek/.m2/repository/org/scala-lang/scala-reflect/2.13.12/scala-reflect-2.13.12.jar:/Users/abhishek/.m2/repository/com/typesafe/scala-logging/scala-logging_2.13/3.9.4/scala-logging_2.13-3.9.4.jar:/Users/abhishek/.m2/repository/io/dropwizard/metrics/metrics-core/4.1.12.1/metrics-core-4.1.12.1.jar:/Users/abhishek/.m2/repository/commons-cli/commons-cli/1.4/commons-cli-1.4.jar:/Users/abhishek/.m2/repository/org/apache/kafka/kafka_2.13/3.7.1/kafka_2.13-3.7.1-test.jar:/Users/abhishek/.m2/repository/org/junit/jupiter/junit-jupiter-api/5.10.5/junit-jupiter-api-5.10.5.jar:/Users/abhishek/.m2/repository/org/opentest4j/opentest4j/1.3.0/opentest4j-1.3.0.jar:/Users/abhishek/.m2/repository/org/junit/platform/junit-platform-commons/1.10.5/junit-platform-commons-1.10.5.jar:/Users/abhishek/.m2/repository/org/apiguardian/apiguardian-api/1.1.2/apiguardian-api-1.1.2.jar:/Users/abhishek/.m2/repository/org/junit/platform/junit-platform-launcher/1.10.5/junit-platform-launcher-1.10.5.jar:/Users/abhishek/.m2/repository/org/junit/platform/junit-platform-engine/1.10.5/junit-platform-engine-1.10.5.jar:/Users/abhishek/.m2/repository/org/testcontainers/kafka/1.19.8/kafka-1.19.8.jar:/Users/abhishek/.m2/repository/org/testcontainers/testcontainers/1.19.8/testcontainers-1.19.8.jar:/Users/abhishek/.m2/repository/junit/junit/4.13.2/junit-4.13.2.jar:/Users/abhishek/.m2/repository/org/hamcrest/hamcrest-core/2.2/hamcrest-core-2.2.jar:/Users/abhishek/.m2/repository/org/apache/commons/commons-compress/1.24.0/commons-compress-1.24.0.jar:/Users/abhishek/.m2/repository/org/rnorth/duct-tape/duct-tape/1.0.8/duct-tape-1.0.8.jar:/Users/abhishek/.m2/repository/org/jetbrains/annotations/17.0.0/annotations-17.0.0.jar:/Users/abhishek/.m2/repository/com/github/docker-java/docker-java-api/3.3.6/docker-java-api-3.3.6.jar:/Users/abhishek/.m2/repository/com/github/docker-java/docker-java-transport-zerodep/3.3.6/docker-java-transport-zerodep-3.3.6.jar:/Users/abhishek/.m2/repository/com/github/docker-java/docker-java-transport/3.3.6/docker-java-transport-3.3.6.jar:/Users/abhishek/.m2/repository/net/java/dev/jna/jna/5.13.0/jna-5.13.0.jar:/Users/abhishek/.m2/repository/org/testcontainers/junit-jupiter/1.19.8/junit-jupiter-1.19.8.jar:
22:43:11.330 [main] INFO org.apache.zookeeper.ZooKeeper -- Client environment:java.library.path=/Users/abhishek/Library/Java/Extensions:/Library/Java/Extensions:/Network/Library/Java/Extensions:/System/Library/Java/Extensions:/usr/lib/java:.
22:43:11.330 [main] INFO org.apache.zookeeper.ZooKeeper -- Client environment:java.io.tmpdir=/var/folders/c3/g7mtk7zj2c13xd20nfx3vcmh0000gn/T/
22:43:11.330 [main] INFO org.apache.zookeeper.ZooKeeper -- Client environment:java.compiler=<NA>
22:43:11.330 [main] INFO org.apache.zookeeper.ZooKeeper -- Client environment:os.name=Mac OS X
22:43:11.330 [main] INFO org.apache.zookeeper.ZooKeeper -- Client environment:os.arch=aarch64
22:43:11.330 [main] INFO org.apache.zookeeper.ZooKeeper -- Client environment:os.version=26.1
22:43:11.330 [main] INFO org.apache.zookeeper.ZooKeeper -- Client environment:user.name=abhishek
22:43:11.330 [main] INFO org.apache.zookeeper.ZooKeeper -- Client environment:user.home=/Users/abhishek
22:43:11.330 [main] INFO org.apache.zookeeper.ZooKeeper -- Client environment:user.dir=/Users/abhishek/bank system/banking-system-microservices/transaction-service
22:43:11.330 [main] INFO org.apache.zookeeper.ZooKeeper -- Client environment:os.memory.free=24MB
22:43:11.330 [main] INFO org.apache.zookeeper.ZooKeeper -- Client environment:os.memory.max=2048MB
22:43:11.330 [main] INFO org.apache.zookeeper.ZooKeeper -- Client environment:os.memory.total=80MB
22:43:11.331 [main] INFO org.apache.zookeeper.ZooKeeper -- Initiating client connection, connectString=127.0.0.1:54423 sessionTimeout=18000 watcher=kafka.zookeeper.ZooKeeperClient$ZooKeeperClientWatcher$@5f1483fd
22:43:11.332 [main] INFO org.apache.zookeeper.ClientCnxnSocket -- jute.maxbuffer value is 4194304 Bytes
22:43:11.335 [main] INFO org.apache.zookeeper.ClientCnxn -- zookeeper.request.timeout value is 0. feature enabled=false
22:43:11.336 [main-SendThread(127.0.0.1:54423)] INFO org.apache.zookeeper.ClientCnxn -- Opening socket connection to server /127.0.0.1:54423.
22:43:11.336 [main] INFO kafka.zookeeper.ZooKeeperClient -- [ZooKeeperClient Kafka server] Waiting until connected.
22:43:11.338 [main-SendThread(127.0.0.1:54423)] INFO org.apache.zookeeper.ClientCnxn -- Socket connection established, initiating session, client: /127.0.0.1:54424, server: /127.0.0.1:54423
22:43:11.343 [SyncThread:0] INFO org.apache.zookeeper.server.persistence.FileTxnLog -- Creating new log file: log.1
22:43:11.347 [SyncThread:0] INFO org.apache.zookeeper.audit.ZKAuditProvider -- ZooKeeper audit is disabled.
22:43:11.349 [main-SendThread(127.0.0.1:54423)] INFO org.apache.zookeeper.ClientCnxn -- Session establishment complete on server /127.0.0.1:54423, session id = 0x1001a6f2fc40000, negotiated timeout = 16000
22:43:11.351 [main] INFO kafka.zookeeper.ZooKeeperClient -- [ZooKeeperClient Kafka server] Connected.
22:43:11.485 [main] INFO kafka.server.KafkaServer -- Cluster ID = tcX_Qlp_RbuaaeIn8aeA5Q
22:43:11.508 [main] INFO kafka.server.KafkaConfig -- KafkaConfig values: 
	advertised.listeners = null
	alter.config.policy.class.name = null
	alter.log.dirs.replication.quota.window.num = 11
	alter.log.dirs.replication.quota.window.size.seconds = 1
	authorizer.class.name = 
	auto.create.topics.enable = true
	auto.include.jmx.reporter = true
	auto.leader.rebalance.enable = true
	background.threads = 2
	broker.heartbeat.interval.ms = 2000
	broker.id = 0
	broker.id.generation.enable = true
	broker.rack = null
	broker.session.timeout.ms = 9000
	client.quota.callback.class = null
	compression.type = producer
	connection.failed.authentication.delay.ms = 100
	connections.max.idle.ms = 600000
	connections.max.reauth.ms = 0
	control.plane.listener.name = null
	controlled.shutdown.enable = false
	controlled.shutdown.max.retries = 3
	controlled.shutdown.retry.backoff.ms = 100
	controller.listener.names = null
	controller.quorum.append.linger.ms = 25
	controller.quorum.election.backoff.max.ms = 1000
	controller.quorum.election.timeout.ms = 1000
	controller.quorum.fetch.timeout.ms = 2000
	controller.quorum.request.timeout.ms = 2000
	controller.quorum.retry.backoff.ms = 20
	controller.quorum.voters = []
	controller.quota.window.num = 11
	controller.quota.window.size.seconds = 1
	controller.socket.timeout.ms = 1000
	create.topic.policy.class.name = null
	default.replication.factor = 1
	delegation.token.expiry.check.interval.ms = 3600000
	delegation.token.expiry.time.ms = 86400000
	delegation.token.master.key = null
	delegation.token.max.lifetime.ms = 604800000
	delegation.token.secret.key = null
	delete.records.purgatory.purge.interval.requests = 1
	delete.topic.enable = true
	early.start.listeners = null
	eligible.leader.replicas.enable = false
	fetch.max.bytes = 57671680
	fetch.purgatory.purge.interval.requests = 1000
	group.consumer.assignors = [org.apache.kafka.coordinator.group.assignor.UniformAssignor, org.apache.kafka.coordinator.group.assignor.RangeAssignor]
	group.consumer.heartbeat.interval.ms = 5000
	group.consumer.max.heartbeat.interval.ms = 15000
	group.consumer.max.session.timeout.ms = 60000
	group.consumer.max.size = 2147483647
	group.consumer.min.heartbeat.interval.ms = 5000
	group.consumer.min.session.timeout.ms = 45000
	group.consumer.session.timeout.ms = 45000
	group.coordinator.new.enable = false
	group.coordinator.rebalance.protocols = [classic]
	group.coordinator.threads = 1
	group.initial.rebalance.delay.ms = 0
	group.max.session.timeout.ms = 1800000
	group.max.size = 2147483647
	group.min.session.timeout.ms = 6000
	initial.broker.registration.timeout.ms = 60000
	inter.broker.listener.name = null
	inter.broker.protocol.version = 3.7-IV4
	kafka.metrics.polling.interval.secs = 10
	kafka.metrics.reporters = []
	leader.imbalance.check.interval.seconds = 300
	leader.imbalance.per.broker.percentage = 10
[...]
22:43:12.337 [controller-event-thread] INFO state.change.logger -- [Controller id=0 epoch=1] Changed partition __consumer_offsets-0 from NewPartition to OnlinePartition with state LeaderAndIsr(leader=0, leaderEpoch=0, isrWithBrokerEpoch=List(BrokerState(brokerId=0, brokerEpoch=-1)), leaderRecoveryState=RECOVERED, partitionEpoch=0)
22:43:12.337 [controller-event-thread] INFO state.change.logger -- [Controller id=0 epoch=1] Changed partition __consumer_offsets-1 from NewPartition to OnlinePartition with state LeaderAndIsr(leader=0, leaderEpoch=0, isrWithBrokerEpoch=List(BrokerState(brokerId=0, brokerEpoch=-1)), leaderRecoveryState=RECOVERED, partitionEpoch=0)
22:43:12.337 [controller-event-thread] INFO state.change.logger -- [Controller id=0 epoch=1] Sending LeaderAndIsr request to broker 0 with 5 become-leader and 0 become-follower partitions
22:43:12.337 [controller-event-thread] INFO state.change.logger -- [Controller id=0 epoch=1] Sending UpdateMetadata request to brokers HashSet(0) for 5 partitions
22:43:12.337 [controller-event-thread] INFO state.change.logger -- [Controller id=0 epoch=1] Sending UpdateMetadata request to brokers HashSet() for 0 partitions
22:43:12.337 [data-plane-kafka-request-handler-2] INFO state.change.logger -- [Broker id=0] Handling LeaderAndIsr request correlationId 3 from controller 0 for 5 partitions
22:43:12.338 [data-plane-kafka-request-handler-2] INFO kafka.server.ReplicaFetcherManager -- [ReplicaFetcherManager on broker 0] Removed fetcher for partitions HashSet(__consumer_offsets-4, __consumer_offsets-3, __consumer_offsets-2, __consumer_offsets-0, __consumer_offsets-1)
22:43:12.338 [data-plane-kafka-request-handler-2] INFO state.change.logger -- [Broker id=0] Stopped fetchers as part of LeaderAndIsr request correlationId 3 from controller 0 epoch 1 as part of the become-leader transition for 5 partitions
22:43:12.342 [data-plane-kafka-request-handler-2] INFO kafka.log.UnifiedLog$ -- [LogLoader partition=__consumer_offsets-3, dir=/var/folders/c3/g7mtk7zj2c13xd20nfx3vcmh0000gn/T/spring.kafka.51693e69-69b1-4e43-b624-c081e793a363882895113410250001] Loading producer state till offset 0 with message format version 2
22:43:12.343 [data-plane-kafka-request-handler-2] INFO kafka.log.LogManager -- Created log for partition __consumer_offsets-3 in /var/folders/c3/g7mtk7zj2c13xd20nfx3vcmh0000gn/T/spring.kafka.51693e69-69b1-4e43-b624-c081e793a363882895113410250001/__consumer_offsets-3 with properties {cleanup.policy=compact, compression.type="producer", segment.bytes=104857600}
22:43:12.343 [data-plane-kafka-request-handler-2] INFO kafka.cluster.Partition -- [Partition __consumer_offsets-3 broker=0] No checkpointed highwatermark is found for partition __consumer_offsets-3
22:43:12.343 [data-plane-kafka-request-handler-2] INFO kafka.cluster.Partition -- [Partition __consumer_offsets-3 broker=0] Log loaded for partition __consumer_offsets-3 with initial high watermark 0
22:43:12.343 [data-plane-kafka-request-handler-2] INFO state.change.logger -- [Broker id=0] Leader __consumer_offsets-3 with topic id Some(pw6Ux-UHSiG3x2NCsgTbqw) starts at leader epoch 0 from offset 0 with partition epoch 0, high watermark 0, ISR [0], adding replicas [] and removing replicas [] . Previous leader None and previous leader epoch was -1.
22:43:12.349 [data-plane-kafka-request-handler-2] INFO kafka.log.UnifiedLog$ -- [LogLoader partition=__consumer_offsets-2, dir=/var/folders/c3/g7mtk7zj2c13xd20nfx3vcmh0000gn/T/spring.kafka.51693e69-69b1-4e43-b624-c081e793a363882895113410250001] Loading producer state till offset 0 with message format version 2
22:43:12.349 [data-plane-kafka-request-handler-2] INFO kafka.log.LogManager -- Created log for partition __consumer_offsets-2 in /var/folders/c3/g7mtk7zj2c13xd20nfx3vcmh0000gn/T/spring.kafka.51693e69-69b1-4e43-b624-c081e793a363882895113410250001/__consumer_offsets-2 with properties {cleanup.policy=compact, compression.type="producer", segment.bytes=104857600}
22:43:12.349 [data-plane-kafka-request-handler-2] INFO kafka.cluster.Partition -- [Partition __consumer_offsets-2 broker=0] No checkpointed highwatermark is found for partition __consumer_offsets-2
22:43:12.349 [data-plane-kafka-request-handler-2] INFO kafka.cluster.Partition -- [Partition __consumer_offsets-2 broker=0] Log loaded for partition __consumer_offsets-2 with initial high watermark 0
22:43:12.349 [data-plane-kafka-request-handler-2] INFO state.change.logger -- [Broker id=0] Leader __consumer_offsets-2 with topic id Some(pw6Ux-UHSiG3x2NCsgTbqw) starts at leader epoch 0 from offset 0 with partition epoch 0, high watermark 0, ISR [0], adding replicas [] and removing replicas [] . Previous leader None and previous leader epoch was -1.
22:43:12.358 [data-plane-kafka-request-handler-2] INFO kafka.log.UnifiedLog$ -- [LogLoader partition=__consumer_offsets-4, dir=/var/folders/c3/g7mtk7zj2c13xd20nfx3vcmh0000gn/T/spring.kafka.51693e69-69b1-4e43-b624-c081e793a363882895113410250001] Loading producer state till offset 0 with message format version 2
22:43:12.358 [data-plane-kafka-request-handler-2] INFO kafka.log.LogManager -- Created log for partition __consumer_offsets-4 in /var/folders/c3/g7mtk7zj2c13xd20nfx3vcmh0000gn/T/spring.kafka.51693e69-69b1-4e43-b624-c081e793a363882895113410250001/__consumer_offsets-4 with properties {cleanup.policy=compact, compression.type="producer", segment.bytes=104857600}
22:43:12.358 [data-plane-kafka-request-handler-2] INFO kafka.cluster.Partition -- [Partition __consumer_offsets-4 broker=0] No checkpointed highwatermark is found for partition __consumer_offsets-4
22:43:12.358 [data-plane-kafka-request-handler-2] INFO kafka.cluster.Partition -- [Partition __consumer_offsets-4 broker=0] Log loaded for partition __consumer_offsets-4 with initial high watermark 0
22:43:12.358 [data-plane-kafka-request-handler-2] INFO state.change.logger -- [Broker id=0] Leader __consumer_offsets-4 with topic id Some(pw6Ux-UHSiG3x2NCsgTbqw) starts at leader epoch 0 from offset 0 with partition epoch 0, high watermark 0, ISR [0], adding replicas [] and removing replicas [] . Previous leader None and previous leader epoch was -1.
22:43:12.366 [data-plane-kafka-request-handler-2] INFO kafka.log.UnifiedLog$ -- [LogLoader partition=__consumer_offsets-1, dir=/var/folders/c3/g7mtk7zj2c13xd20nfx3vcmh0000gn/T/spring.kafka.51693e69-69b1-4e43-b624-c081e793a363882895113410250001] Loading producer state till offset 0 with message format version 2
22:43:12.366 [data-plane-kafka-request-handler-2] INFO kafka.log.LogManager -- Created log for partition __consumer_offsets-1 in /var/folders/c3/g7mtk7zj2c13xd20nfx3vcmh0000gn/T/spring.kafka.51693e69-69b1-4e43-b624-c081e793a363882895113410250001/__consumer_offsets-1 with properties {cleanup.policy=compact, compression.type="producer", segment.bytes=104857600}
22:43:12.367 [data-plane-kafka-request-handler-2] INFO kafka.cluster.Partition -- [Partition __consumer_offsets-1 broker=0] No checkpointed highwatermark is found for partition __consumer_offsets-1
22:43:12.367 [data-plane-kafka-request-handler-2] INFO kafka.cluster.Partition -- [Partition __consumer_offsets-1 broker=0] Log loaded for partition __consumer_offsets-1 with initial high watermark 0
22:43:12.367 [data-plane-kafka-request-handler-2] INFO state.change.logger -- [Broker id=0] Leader __consumer_offsets-1 with topic id Some(pw6Ux-UHSiG3x2NCsgTbqw) starts at leader epoch 0 from offset 0 with partition epoch 0, high watermark 0, ISR [0], adding replicas [] and removing replicas [] . Previous leader None and previous leader epoch was -1.
22:43:12.372 [data-plane-kafka-request-handler-2] INFO kafka.log.UnifiedLog$ -- [LogLoader partition=__consumer_offsets-0, dir=/var/folders/c3/g7mtk7zj2c13xd20nfx3vcmh0000gn/T/spring.kafka.51693e69-69b1-4e43-b624-c081e793a363882895113410250001] Loading producer state till offset 0 with message format version 2
22:43:12.372 [data-plane-kafka-request-handler-2] INFO kafka.log.LogManager -- Created log for partition __consumer_offsets-0 in /var/folders/c3/g7mtk7zj2c13xd20nfx3vcmh0000gn/T/spring.kafka.51693e69-69b1-4e43-b624-c081e793a363882895113410250001/__consumer_offsets-0 with properties {cleanup.policy=compact, compression.type="producer", segment.bytes=104857600}
22:43:12.372 [data-plane-kafka-request-handler-2] INFO kafka.cluster.Partition -- [Partition __consumer_offsets-0 broker=0] No checkpointed highwatermark is found for partition __consumer_offsets-0
22:43:12.372 [data-plane-kafka-request-handler-2] INFO kafka.cluster.Partition -- [Partition __consumer_offsets-0 broker=0] Log loaded for partition __consumer_offsets-0 with initial high watermark 0
22:43:12.372 [data-plane-kafka-request-handler-2] INFO state.change.logger -- [Broker id=0] Leader __consumer_offsets-0 with topic id Some(pw6Ux-UHSiG3x2NCsgTbqw) starts at leader epoch 0 from offset 0 with partition epoch 0, high watermark 0, ISR [0], adding replicas [] and removing replicas [] . Previous leader None and previous leader epoch was -1.
22:43:12.381 [data-plane-kafka-request-handler-2] INFO kafka.coordinator.group.GroupCoordinator -- [GroupCoordinator 0]: Elected as the group coordinator for partition 3 in epoch 0
22:43:12.381 [data-plane-kafka-request-handler-2] INFO kafka.coordinator.group.GroupMetadataManager -- [GroupMetadataManager brokerId=0] Scheduling loading of offsets and group metadata from __consumer_offsets-3 for epoch 0
22:43:12.381 [data-plane-kafka-request-handler-2] INFO kafka.coordinator.group.GroupCoordinator -- [GroupCoordinator 0]: Elected as the group coordinator for partition 2 in epoch 0
22:43:12.381 [data-plane-kafka-request-handler-2] INFO kafka.coordinator.group.GroupMetadataManager -- [GroupMetadataManager brokerId=0] Scheduling loading of offsets and group metadata from __consumer_offsets-2 for epoch 0
22:43:12.381 [data-plane-kafka-request-handler-2] INFO kafka.coordinator.group.GroupCoordinator -- [GroupCoordinator 0]: Elected as the group coordinator for partition 4 in epoch 0
22:43:12.382 [data-plane-kafka-request-handler-2] INFO kafka.coordinator.group.GroupMetadataManager -- [GroupMetadataManager brokerId=0] Scheduling loading of offsets and group metadata from __consumer_offsets-4 for epoch 0
22:43:12.382 [data-plane-kafka-request-handler-2] INFO kafka.coordinator.group.GroupCoordinator -- [GroupCoordinator 0]: Elected as the group coordinator for partition 1 in epoch 0
22:43:12.382 [data-plane-kafka-request-handler-2] INFO kafka.coordinator.group.GroupMetadataManager -- [GroupMetadataManager brokerId=0] Scheduling loading of offsets and group metadata from __consumer_offsets-1 for epoch 0
22:43:12.382 [data-plane-kafka-request-handler-2] INFO kafka.coordinator.group.GroupCoordinator -- [GroupCoordinator 0]: Elected as the group coordinator for partition 0 in epoch 0
22:43:12.382 [data-plane-kafka-request-handler-2] INFO kafka.coordinator.group.GroupMetadataManager -- [GroupMetadataManager brokerId=0] Scheduling loading of offsets and group metadata from __consumer_offsets-0 for epoch 0
22:43:12.382 [data-plane-kafka-request-handler-2] INFO state.change.logger -- [Broker id=0] Finished LeaderAndIsr request in 45ms correlationId 3 from controller 0 for 5 partitions
22:43:12.383 [data-plane-kafka-request-handler-3] INFO state.change.logger -- [Broker id=0] Add 5 partitions and deleted 0 partitions from metadata cache in response to UpdateMetadata request sent by controller 0 epoch 1 with correlation id 4
22:43:12.383 [group-metadata-manager-0] INFO kafka.coordinator.group.GroupMetadataManager -- [GroupMetadataManager brokerId=0] Finished loading offsets and group metadata from __consumer_offsets-3 in 2 milliseconds for epoch 0, of which 1 milliseconds was spent in the scheduler.
22:43:12.383 [group-metadata-manager-0] INFO kafka.coordinator.group.GroupMetadataManager -- [GroupMetadataManager brokerId=0] Finished loading offsets and group metadata from __consumer_offsets-2 in 2 milliseconds for epoch 0, of which 2 milliseconds was spent in the scheduler.
22:43:12.383 [group-metadata-manager-0] INFO kafka.coordinator.group.GroupMetadataManager -- [GroupMetadataManager brokerId=0] Finished loading offsets and group metadata from __consumer_offsets-4 in 1 milliseconds for epoch 0, of which 1 milliseconds was spent in the scheduler.
22:43:12.383 [group-metadata-manager-0] INFO kafka.coordinator.group.GroupMetadataManager -- [GroupMetadataManager brokerId=0] Finished loading offsets and group metadata from __consumer_offsets-1 in 1 milliseconds for epoch 0, of which 1 milliseconds was spent in the scheduler.
22:43:12.383 [group-metadata-manager-0] INFO kafka.coordinator.group.GroupMetadataManager -- [GroupMetadataManager brokerId=0] Finished loading offsets and group metadata from __consumer_offsets-0 in 1 milliseconds for epoch 0, of which 1 milliseconds was spent in the scheduler.
22:43:12.454 [main] INFO org.apache.kafka.clients.consumer.internals.ConsumerCoordinator -- [Consumer clientId=consumer-test-group-1, groupId=test-group] Discovered group coordinator localhost:54425 (id: 2147483647 rack: null)
22:43:12.456 [main] INFO org.apache.kafka.clients.consumer.internals.ConsumerCoordinator -- [Consumer clientId=consumer-test-group-1, groupId=test-group] (Re-)joining group
22:43:12.464 [data-plane-kafka-request-handler-1] INFO kafka.coordinator.group.GroupCoordinator -- [GroupCoordinator 0]: Dynamic member with unknown member id joins group test-group in Empty state. Created a new member id consumer-test-group-1-a7243f18-429f-42d6-925b-75e9b650d9ae and request the member to rejoin with this id.
22:43:12.466 [main] INFO org.apache.kafka.clients.consumer.internals.ConsumerCoordinator -- [Consumer clientId=consumer-test-group-1, groupId=test-group] Request joining group due to: need to re-join with the given member-id: consumer-test-group-1-a7243f18-429f-42d6-925b-75e9b650d9ae
22:43:12.466 [main] INFO org.apache.kafka.clients.consumer.internals.ConsumerCoordinator -- [Consumer clientId=consumer-test-group-1, groupId=test-group] (Re-)joining group
22:43:12.468 [data-plane-kafka-request-handler-0] INFO kafka.coordinator.group.GroupCoordinator -- [GroupCoordinator 0]: Preparing to rebalance group test-group in state PreparingRebalance with old generation 0 (__consumer_offsets-2) (reason: Adding new member consumer-test-group-1-a7243f18-429f-42d6-925b-75e9b650d9ae with group instance id None; client reason: need to re-join with the given member-id: consumer-test-group-1-a7243f18-429f-42d6-925b-75e9b650d9ae)
22:43:12.469 [executor-Rebalance] INFO kafka.coordinator.group.GroupCoordinator -- [GroupCoordinator 0]: Stabilized group test-group generation 1 (__consumer_offsets-2) with 1 members
22:43:12.470 [main] INFO org.apache.kafka.clients.consumer.internals.ConsumerCoordinator -- [Consumer clientId=consumer-test-group-1, groupId=test-group] Successfully joined group with generation Generation{generationId=1, memberId='consumer-test-group-1-a7243f18-429f-42d6-925b-75e9b650d9ae', protocol='range'}
22:43:12.472 [main] INFO org.apache.kafka.clients.consumer.internals.ConsumerCoordinator -- [Consumer clientId=consumer-test-group-1, groupId=test-group] Finished assignment for group at generation 1: {consumer-test-group-1-a7243f18-429f-42d6-925b-75e9b650d9ae=Assignment(partitions=[banking.transaction.events-0])}
22:43:12.474 [data-plane-kafka-request-handler-2] INFO kafka.coordinator.group.GroupCoordinator -- [GroupCoordinator 0]: Assignment received from leader consumer-test-group-1-a7243f18-429f-42d6-925b-75e9b650d9ae for group test-group for generation 1. The group has 1 members, 0 of which are static.
22:43:12.479 [main] INFO org.apache.kafka.clients.consumer.internals.ConsumerCoordinator -- [Consumer clientId=consumer-test-group-1, groupId=test-group] Successfully synced group in generation Generation{generationId=1, memberId='consumer-test-group-1-a7243f18-429f-42d6-925b-75e9b650d9ae', protocol='range'}
22:43:12.479 [main] INFO org.apache.kafka.clients.consumer.internals.ConsumerCoordinator -- [Consumer clientId=consumer-test-group-1, groupId=test-group] Notifying assignor about the new Assignment(partitions=[banking.transaction.events-0])
22:43:12.480 [main] INFO org.apache.kafka.clients.consumer.internals.ConsumerRebalanceListenerInvoker -- [Consumer clientId=consumer-test-group-1, groupId=test-group] Adding newly assigned partitions: banking.transaction.events-0
22:43:12.484 [main] INFO org.apache.kafka.clients.consumer.internals.ConsumerCoordinator -- [Consumer clientId=consumer-test-group-1, groupId=test-group] Found no committed offset for partition banking.transaction.events-0
22:43:12.488 [main] INFO org.apache.kafka.clients.consumer.internals.SubscriptionState -- [Consumer clientId=consumer-test-group-1, groupId=test-group] Resetting offset for partition banking.transaction.events-0 to position FetchPosition{offset=0, offsetEpoch=Optional.empty, currentLeader=LeaderAndEpoch{leader=Optional[localhost:54425 (id: 0 rack: null)], epoch=0}}.
22:43:12.536 [main] INFO org.apache.kafka.clients.consumer.internals.ConsumerRebalanceListenerInvoker -- [Consumer clientId=consumer-test-group-1, groupId=test-group] Revoke previously assigned partitions banking.transaction.events-0
22:43:12.536 [main] INFO org.apache.kafka.clients.consumer.internals.ConsumerCoordinator -- [Consumer clientId=consumer-test-group-1, groupId=test-group] Member consumer-test-group-1-a7243f18-429f-42d6-925b-75e9b650d9ae sending LeaveGroup request to coordinator localhost:54425 (id: 2147483647 rack: null) due to the consumer is being closed
22:43:12.537 [main] INFO org.apache.kafka.clients.consumer.internals.ConsumerCoordinator -- [Consumer clientId=consumer-test-group-1, groupId=test-group] Resetting generation and member id due to: consumer pro-actively leaving the group
22:43:12.537 [main] INFO org.apache.kafka.clients.consumer.internals.ConsumerCoordinator -- [Consumer clientId=consumer-test-group-1, groupId=test-group] Request joining group due to: consumer pro-actively leaving the group
22:43:12.538 [data-plane-kafka-request-handler-2] INFO kafka.coordinator.group.GroupCoordinator -- [GroupCoordinator 0]: Preparing to rebalance group test-group in state PreparingRebalance with old generation 1 (__consumer_offsets-2) (reason: Removing member consumer-test-group-1-a7243f18-429f-42d6-925b-75e9b650d9ae on LeaveGroup; client reason: the consumer is being closed)
22:43:12.538 [data-plane-kafka-request-handler-2] INFO kafka.coordinator.group.GroupCoordinator -- [GroupCoordinator 0]: Group test-group with generation 2 is now empty (__consumer_offsets-2)
22:43:12.539 [data-plane-kafka-request-handler-2] INFO kafka.coordinator.group.GroupCoordinator -- [GroupCoordinator 0]: Member MemberMetadata(memberId=consumer-test-group-1-a7243f18-429f-42d6-925b-75e9b650d9ae, groupInstanceId=None, clientId=consumer-test-group-1, clientHost=/127.0.0.1, sessionTimeoutMs=60000, rebalanceTimeoutMs=300000, supportedProtocols=List(range, cooperative-sticky)) has left group test-group through explicit `LeaveGroup`; client reason: the consumer is being closed
22:43:13.014 [main] INFO org.apache.kafka.common.metrics.Metrics -- Metrics scheduler closed
22:43:13.014 [main] INFO org.apache.kafka.common.metrics.Metrics -- Closing reporter org.apache.kafka.common.metrics.JmxReporter
22:43:13.014 [main] INFO org.apache.kafka.common.metrics.Metrics -- Closing reporter org.apache.kafka.common.telemetry.internals.ClientTelemetryReporter
22:43:13.014 [main] INFO org.apache.kafka.common.metrics.Metrics -- Metrics reporters closed
22:43:13.017 [main] INFO org.apache.kafka.common.utils.AppInfoParser -- App info kafka.consumer for consumer-test-group-1 unregistered
]]></system-out>
  </testcase>
</testsuite>