<?xml version="1.0" encoding="UTF-8"?>
<testsuite xmlns:xsi="http://www.w3.org/2001/XMLSchema-instance" xsi:noNamespaceSchemaLocation="https://maven.apache.org/surefire/maven-surefire-plugin/xsd/surefire-test-report.xsd" version="3.0.2" name="com.banking.config.ConfigServerApplicationTests" time="2.116" tests="2" errors="0" skipped="0" failures="0">
  <properties>
[...]
</properties>
  <testcase name="servesServiceSpecificConfiguration" classname="com.banking.config.ConfigServerApplicationTests" time="0.523">
    <system-out><![CDATA[21:06:56.775 [main] INFO org.springframework.test.context.support.AnnotationConfigContextLoaderUtils -- Could not detect default configuration classes for test class [com.banking.config.ConfigServerApplicationTests]: ConfigServerApplicationTests does not declare any static, non-private, non-final, nested classes annotated with @Configuration.
21:06:56.827 [main] INFO org.springframework.boot.test.context.SpringBootTestContextBootstrapper -- Found @SpringBootConfiguration com.banking.config.ConfigServerApplication for test class com.banking.config.ConfigServerApplicationTests

  .   ____          _            __ _ _
 /\\ / ___'_ __ _ _(_)_ __  __ _ \ \ \ \
( ( )\___ | '_ | '_| | '_ \/ _` | \ \ \ \
 \\/  ___)| |_)| | | | | || (_| |  ) ) ) )
  '  |____| .__|_| |_|_| |_\__, | / / / /
 =========|_|==============|___/=/_/_/_/

 :: Spring Boot ::                (v3.3.5)

2026-05-20T21:06:57.056+05:30  INFO 88486 --- [           main] c.b.config.ConfigServerApplicationTests  : Starting ConfigServerApplicationTests using Java 24.0.1 with PID 88486 (started by abhishek in /Users/abhishek/bank system/banking-system-microservices/config-server)
2026-05-20T21:06:57.057+05:30  INFO 88486 --- [           main] c.b.config.ConfigServerApplicationTests  : The following 1 profile is active: "native"
2026-05-20T21:06:57.521+05:30  INFO 88486 --- [           main] o.s.cloud.context.scope.GenericScope     : BeanFactory id=b79483fa-cd19-3b78-b1a2-96134dd65a7a
2026-05-20T21:06:57.562+05:30  WARN 88486 --- [           main] trationDelegate$BeanPostProcessorChecker : Bean 'org.springframework.cloud.client.loadbalancer.LoadBalancerAutoConfiguration$DeferringLoadBalancerInterceptorConfig' of type [org.springframework.cloud.client.loadbalancer.LoadBalancerAutoConfiguration$DeferringLoadBalancerInterceptorConfig] is not eligible for getting processed by all BeanPostProcessors (for example: not eligible for auto-proxying). The currently created BeanPostProcessor [lbRestClientPostProcessor] is declared through a non-static factory method on that class; consider declaring it as static instead.
2026-05-20T21:06:57.563+05:30  WARN 88486 --- [           main] trationDelegate$BeanPostProcessorChecker : Bean 'deferringLoadBalancerInterceptor' of type [org.springframework.cloud.client.loadbalancer.DeferringLoadBalancerInterceptor] is not eligible for getting processed by all BeanPostProcessors (for example: not eligible for auto-proxying). Is this bean getting eagerly injected/applied to a currently created BeanPostProcessor [lbRestClientPostProcessor]? Check the corresponding BeanPostProcessor declaration and its dependencies/advisors. If this bean does not have to be post-processed, declare it with ROLE_INFRASTRUCTURE.
2026-05-20T21:06:57.671+05:30  INFO 88486 --- [           main] o.s.b.w.embedded.tomcat.TomcatWebServer  : Tomcat initialized with port 0 (http)
2026-05-20T21:06:57.678+05:30  INFO 88486 --- [           main] o.apache.catalina.core.StandardService   : Starting service [Tomcat]
2026-05-20T21:06:57.678+05:30  INFO 88486 --- [           main] o.apache.catalina.core.StandardEngine    : Starting Servlet engine: [Apache Tomcat/10.1.31]
2026-05-20T21:06:57.704+05:30  INFO 88486 --- [           main] o.a.c.c.C.[Tomcat].[localhost].[/]       : Initializing Spring embedded WebApplicationContext
2026-05-20T21:06:57.704+05:30  INFO 88486 --- [           main] w.s.c.ServletWebServerApplicationContext : Root WebApplicationContext: initialization completed in 639 ms
2026-05-20T21:06:58.040+05:30  INFO 88486 --- [           main] DiscoveryClientOptionalArgsConfiguration : Eureka HTTP Client uses RestTemplate.
2026-05-20T21:06:58.123+05:30  WARN 88486 --- [           main] iguration$LoadBalancerCaffeineWarnLogger : Spring Cloud LoadBalancer is currently working with the default cache. While this cache implementation is useful for development and tests, it's recommended to use Caffeine cache in production.You can switch to using Caffeine cache, by adding it and org.springframework.cache.caffeine.CaffeineCacheManager to the classpath.
2026-05-20T21:06:58.128+05:30  INFO 88486 --- [           main] o.s.b.a.e.web.EndpointLinksResolver      : Exposing 1 endpoint beneath base path '/actuator'
2026-05-20T21:06:58.227+05:30  INFO 88486 --- [           main] o.s.b.w.embedded.tomcat.TomcatWebServer  : Tomcat started on port 51188 (http) with context path '/'
2026-05-20T21:06:58.247+05:30  INFO 88486 --- [           main] c.b.config.ConfigServerApplicationTests  : Started ConfigServerApplicationTests in 1.354 seconds (process running for 1.787)
2026-05-20T21:06:58.727+05:30  INFO 88486 --- [o-auto-1-exec-1] o.a.c.c.C.[Tomcat].[localhost].[/]       : Initializing Spring DispatcherServlet 'dispatcherServlet'
2026-05-20T21:06:58.727+05:30  INFO 88486 --- [o-auto-1-exec-1] o.s.web.servlet.DispatcherServlet        : Initializing Servlet 'dispatcherServlet'
2026-05-20T21:06:58.728+05:30  INFO 88486 --- [o-auto-1-exec-1] o.s.web.servlet.DispatcherServlet        : Completed initialization in 1 ms
2026-05-20T21:06:58.751+05:30  INFO 88486 --- [o-auto-1-exec-1] o.s.c.c.s.e.NativeEnvironmentRepository  : Adding property source: Config resource 'class path resource [config/auth-service.yml]' via location 'classpath:/config/'
2026-05-20T21:06:58.751+05:30  INFO 88486 --- [o-auto-1-exec-1] o.s.c.c.s.e.NativeEnvironmentRepository  : Adding property source: Config resource 'class path resource [config/application.yml]' via location 'classpath:/config/'
]]></system-out>
    <system-err><![CDATA[WARNING: A Java agent has been loaded dynamically (/Users/abhishek/.m2/repository/net/bytebuddy/byte-buddy-agent/1.14.19/byte-buddy-agent-1.14.19.jar)
WARNING: If a serviceability tool is in use, please run with -XX:+EnableDynamicAgentLoading to hide this warning
WARNING: If a serviceability tool is not in use, please run with -Djdk.instrument.traceUsage for more information
WARNING: Dynamic loading of agents will be disallowed by default in a future release
]]></system-err>
  </testcase>
  <testcase name="contextLoads" classname="com.banking.config.ConfigServerApplicationTests" time="0.001"/>
</testsuite>